#
# A fatal error has been detected by the Java Runtime Environment:
#
#  EXCEPTION_ACCESS_VIOLATION (0xc0000005) at pc=0x00007ff9e56803d6, pid=14256, tid=23580
#
# JRE version: Java(TM) SE Runtime Environment (21.0.10+8) (build 21.0.10+8-LTS-217)
# Java VM: Java HotSpot(TM) 64-Bit Server VM (21.0.10+8-LTS-217, mixed mode, emulated-client, sharing, tiered, compressed oops, compressed class ptrs, g1 gc, windows-amd64)
# Problematic frame:
# V  [jvm.dll+0x1403d6]
#
# No core dump will be written. Minidumps are not enabled by default on client versions of Windows
#
# If you would like to submit a bug report, please visit:
#   https://bugreport.java.com/bugreport/crash.jsp
#

---------------  S U M M A R Y ------------

Command Line: -XX:+ShowCodeDetailsInExceptionMessages -agentlib:jdwp=transport=dt_socket,suspend=y,address=localhost:51350 -Dcom.sun.management.jmxremote -Dcom.sun.management.jmxremote.port=51349 -Dcom.sun.management.jmxremote.authenticate=false -Dcom.sun.management.jmxremote.ssl=false -Djava.rmi.server.hostname=localhost -Dspring.jmx.enabled=true -Dmanagement.endpoints.jmx.exposure.include=* -Dspring.application.admin.enabled=true -Dspring.output.ansi.enabled=always -XX:TieredStopAtLevel=1 -Dspring.boot.project.name=Student_Portal_Backend -javaagent:C:\Users\bhavy\Downloads\spring-tools-for-eclipse\sts-5.1.0.RELEASE\configuration\org.eclipse.osgi\280\0\.cp\lib\javaagent-shaded.jar -Dfile.encoding=UTF-8 -Dstdout.encoding=UTF-8 -Dstderr.encoding=UTF-8 mits.Student_Portal_Backend.StudentPortalBackendApplication

Host: 13th Gen Intel(R) Core(TM) i5-13500H, 16 cores, 7G,  Windows 11 , 64 bit Build 26100 (10.0.26100.7920)
Time: Thu Mar 12 16:44:16 2026 India Standard Time elapsed time: 2858.181738 seconds (0d 0h 47m 38s)

---------------  T H R E A D  ---------------

Current thread (0x000002a28dc8cdb0):  WorkerThread "GC Thread#0"    [id=23580, stack(0x000000b3bb300000,0x000000b3bb400000) (1024K)]

Stack: [0x000000b3bb300000,0x000000b3bb400000],  sp=0x000000b3bb3fdd58,  free space=1015k
Native frames: (J=compiled Java code, j=interpreted, Vv=VM code, C=native code)
V  [jvm.dll+0x1403d6]

JavaThread 0x000002a2e5ace100 (nid = 27552) was being processed
Java frames: (J=compiled Java code, j=interpreted, Vv=VM code)
j  java.lang.invoke.DirectMethodHandle$Holder.newInvokeSpecial(Ljava/lang/Object;)Ljava/lang/Object;+15 java.base@21.0.10
J 899 c1 jdk.internal.reflect.DirectConstructorHandleAccessor.newInstance([Ljava/lang/Object;)Ljava/lang/Object; java.base@21.0.10 (130 bytes) @ 0x000002a2964eeb34 [0x000002a2964ee960+0x00000000000001d4]
J 898 c1 java.lang.reflect.Constructor.newInstanceWithCaller([Ljava/lang/Object;ZLjava/lang/Class;)Ljava/lang/Object; java.base@21.0.10 (51 bytes) @ 0x000002a2964eb43c [0x000002a2964eb360+0x00000000000000dc]
J 3516 c1 org.springframework.beans.BeanUtils.instantiateClass(Ljava/lang/reflect/Constructor;[Ljava/lang/Object;)Ljava/lang/Object; (208 bytes) @ 0x000002a296962df4 [0x000002a296962880+0x0000000000000574]
J 7544 c1 org.springframework.beans.factory.support.SimpleInstantiationStrategy.instantiate(Lorg/springframework/beans/factory/support/RootBeanDefinition;Ljava/lang/String;Lorg/springframework/beans/factory/BeanFactory;)Ljava/lang/Object; (123 bytes) @ 0x000002a296b294c4 [0x000002a296b29020+0x00000000000004a4]
J 7543 c1 org.springframework.beans.factory.support.AbstractAutowireCapableBeanFactory.instantiateBean(Ljava/lang/String;Lorg/springframework/beans/factory/support/RootBeanDefinition;)Lorg/springframework/beans/BeanWrapper; (51 bytes) @ 0x000002a29686726c [0x000002a2968671c0+0x00000000000000ac]
J 6607 c1 org.springframework.beans.factory.support.AbstractAutowireCapableBeanFactory.createBeanInstance(Ljava/lang/String;Lorg/springframework/beans/factory/support/RootBeanDefinition;[Ljava/lang/Object;)Lorg/springframework/beans/BeanWrapper; (245 bytes) @ 0x000002a296d41adc [0x000002a296d414c0+0x000000000000061c]
J 6609 c1 org.springframework.beans.factory.support.AbstractAutowireCapableBeanFactory.doCreateBean(Ljava/lang/String;Lorg/springframework/beans/factory/support/RootBeanDefinition;[Ljava/lang/Object;)Ljava/lang/Object; (465 bytes) @ 0x000002a296d38124 [0x000002a296d37f80+0x00000000000001a4]
J 6608 c1 org.springframework.beans.factory.support.AbstractAutowireCapableBeanFactory.createBean(Ljava/lang/String;Lorg/springframework/beans/factory/support/RootBeanDefinition;[Ljava/lang/Object;)Ljava/lang/Object; (214 bytes) @ 0x000002a296d4339c [0x000002a296d42ec0+0x00000000000004dc]
J 7013 c1 org.springframework.beans.factory.support.AbstractBeanFactory$$Lambda+0x000002a2a02ad1f8.getObject()Ljava/lang/Object; (20 bytes) @ 0x000002a296f6edac [0x000002a296f6ed20+0x000000000000008c]
J 6625 c1 org.springframework.beans.factory.support.DefaultSingletonBeanRegistry.getSingleton(Ljava/lang/String;Lorg/springframework/beans/factory/ObjectFactory;)Ljava/lang/Object; (1299 bytes) @ 0x000002a296d2bcac [0x000002a296d2ab00+0x00000000000011ac]
J 3171 c1 org.springframework.beans.factory.support.AbstractBeanFactory.doGetBean(Ljava/lang/String;Ljava/lang/Class;[Ljava/lang/Object;Z)Ljava/lang/Object; (791 bytes) @ 0x000002a2968c3274 [0x000002a2968c2c20+0x0000000000000654]
J 6980 c1 org.springframework.beans.factory.support.DefaultListableBeanFactory.instantiateSingleton(Ljava/lang/String;)V (56 bytes) @ 0x000002a296f6159c [0x000002a296f61180+0x000000000000041c]
J 6979 c1 org.springframework.beans.factory.support.DefaultListableBeanFactory.preInstantiateSingleton(Ljava/lang/String;Lorg/springframework/beans/factory/support/RootBeanDefinition;)Ljava/util/concurrent/CompletableFuture; (165 bytes) @ 0x000002a296f6219c [0x000002a296f61f00+0x000000000000029c]
j  org.springframework.beans.factory.support.DefaultListableBeanFactory.preInstantiateSingletons()V+130
j  org.springframework.context.support.AbstractApplicationContext.finishBeanFactoryInitialization(Lorg/springframework/beans/factory/config/ConfigurableListableBeanFactory;)V+290
j  org.springframework.context.support.AbstractApplicationContext.refresh()V+94
j  org.springframework.boot.web.server.servlet.context.ServletWebServerApplicationContext.refresh()V+1
j  org.springframework.boot.SpringApplication.refresh(Lorg/springframework/context/ConfigurableApplicationContext;)V+1
j  org.springframework.boot.SpringApplication.refreshContext(Lorg/springframework/context/ConfigurableApplicationContext;)V+19
j  org.springframework.boot.SpringApplication.run([Ljava/lang/String;)Lorg/springframework/context/ConfigurableApplicationContext;+113
j  org.springframework.boot.SpringApplication.run([Ljava/lang/Class;[Ljava/lang/String;)Lorg/springframework/context/ConfigurableApplicationContext;+9
j  org.springframework.boot.SpringApplication.run(Ljava/lang/Class;[Ljava/lang/String;)Lorg/springframework/context/ConfigurableApplicationContext;+9
j  mits.Student_Portal_Backend.StudentPortalBackendApplication.main([Ljava/lang/String;)V+3
j  java.lang.invoke.LambdaForm$DMH+0x000002a2a0004c00.invokeStatic(Ljava/lang/Object;Ljava/lang/Object;)V+10 java.base@21.0.10
j  java.lang.invoke.LambdaForm$MH+0x000002a2a099dc00.invoke(Ljava/lang/Object;Ljava/lang/Object;Ljava/lang/Object;)Ljava/lang/Object;+33 java.base@21.0.10
J 4543 c1 jdk.internal.reflect.DirectMethodHandleAccessor.invoke(Ljava/lang/Object;[Ljava/lang/Object;)Ljava/lang/Object; java.base@21.0.10 (92 bytes) @ 0x000002a296b0581c [0x000002a296b054c0+0x000000000000035c]
J 4548 c1 java.lang.reflect.Method.invoke(Ljava/lang/Object;[Ljava/lang/Object;)Ljava/lang/Object; java.base@21.0.10 (108 bytes) @ 0x000002a296b08c74 [0x000002a296b08a80+0x00000000000001f4]
j  org.springframework.boot.devtools.restart.RestartLauncher.run()V+47
v  ~StubRoutines::call_stub 0x000002a2960c100d

siginfo: EXCEPTION_ACCESS_VIOLATION (0xc0000005), reading address 0x000002a33e72e707


Registers:
RAX=0x0000000000000000, RBX=0x0000000000003233, RCX=0x000000b3bd9fd9f0, RDX=0x000000b3bd9fd9f0
RSP=0x000000b3bb3fdd58, RBP=0x000000b3bb3fdf20, RSI=0x000000b3bb3fe0d0, RDI=0x000000b3bd9fd9f0
R8 =0x000002a33e72e6ff, R9 =0x000000b3bd9fd9f0, R10=0x000002a2960c0000, R11=0x000000b3bb3fdf98
R12=0x000002a29f5444c0, R13=0x000002a33e72e6ff, R14=0x000000b3bd9fd9f0, R15=0x000002a2e5852ee0
RIP=0x00007ff9e56803d6, EFLAGS=0x0000000000010206


Register to memory mapping:

RAX=0x0 is null
RBX=0x0000000000003233 is an unknown value
RCX=0x000000b3bd9fd9f0 is pointing into the stack for thread: 0x000002a2e5ace100
RDX=0x000000b3bd9fd9f0 is pointing into the stack for thread: 0x000002a2e5ace100
RSP=0x000000b3bb3fdd58 points into unknown readable memory: 0x00007ff9e589dd3b | 3b dd 89 e5 f9 7f 00 00
RBP=0x000000b3bb3fdf20 points into unknown readable memory: 0x000002a200000000 | 00 00 00 00 a2 02 00 00
RSI=0x000000b3bb3fe0d0 points into unknown readable memory: 0x000000b3bd9fd9e8 | e8 d9 9f bd b3 00 00 00
RDI=0x000000b3bd9fd9f0 is pointing into the stack for thread: 0x000002a2e5ace100
R8 =0x000002a33e72e6ff is an unknown value
R9 =0x000000b3bd9fd9f0 is pointing into the stack for thread: 0x000002a2e5ace100
R10=0x000002a2960c0000 points into unknown readable memory: 0x0000000000000006 | 06 00 00 00 00 00 00 00
R11=0x000000b3bb3fdf98 points into unknown readable memory: 0x00007ff9e5859cf5 | f5 9c 85 e5 f9 7f 00 00
R12=0x000002a29f5444c0 is pointing into metadata
R13=0x000002a33e72e6ff is an unknown value
R14=0x000000b3bd9fd9f0 is pointing into the stack for thread: 0x000002a2e5ace100
R15=0x000002a2e5852ee0 points into unknown readable memory: 0x00007ff9e5f23a08 | 08 3a f2 e5 f9 7f 00 00

Top of Stack: (sp=0x000000b3bb3fdd58)
0x000000b3bb3fdd58:   00007ff9e589dd3b 000000000000012f
0x000000b3bb3fdd68:   00007ff9e5bff81d 000002a2e6ba2d88
0x000000b3bb3fdd78:   00007ff9e58ac51e 000002a2e5850000
0x000000b3bb3fdd88:   00007ff9e5c8b3c1 0000000000000000
0x000000b3bb3fdd98:   0000000000000020 00000000fffffffe
0x000000b3bb3fdda8:   0000000000000000 000002a28bb2e140
0x000000b3bb3fddb8:   000002a28dc47e20 000002a29f5444c0
0x000000b3bb3fddc8:   000000b3bd9fd9f0 000000b3bb3fe0d0
0x000000b3bb3fddd8:   000000b3bb3fdf20 000002a2e6ba2d88
0x000000b3bb3fdde8:   00007ff9e58ac4c4 000000b3bb3fdeb0
0x000000b3bb3fddf8:   000000b3bb3fe0d0 000002a29f480090
0x000000b3bb3fde08:   0000000000000000 000002a2e6ba2d88
0x000000b3bb3fde18:   00007ff9e585a23e 0000000000000001
0x000000b3bb3fde28:   000002a29f0b6200 000002a2e6ba2d88
0x000000b3bb3fde38:   0000000000000000 0000000f96ae5f01
0x000000b3bb3fde48:   000002a29f0b6200 000002a28dc8cdb0
0x000000b3bb3fde58:   000002a200000003 00000000000003d8
0x000000b3bb3fde68:   000002a28dc47e30 000002a28dc48208
0x000000b3bb3fde78:   000002a29f72e6ff 000002a2000000b8
0x000000b3bb3fde88:   000002a29f0b6200 00007ff9e5f1ae80
0x000000b3bb3fde98:   000000b3bb3fe0d0 000002a2e6ba2d88
0x000000b3bb3fdea8:   0000000400000003 000002a29f5444c0
0x000000b3bb3fdeb8:   0000001300000001 0000000000000032
0x000000b3bb3fdec8:   000000010000000c 000002a29f480090
0x000000b3bb3fded8:   0000000000000000 000002a2e58c8dbc
0x000000b3bb3fdee8:   0000da8800000002 0000000300000001
0x000000b3bb3fdef8:   0000ffff09b0df00 00007ff9e5d53570
0x000000b3bb3fdf08:   000002a2e6ba2e30 000002a29f017160
0x000000b3bb3fdf18:   00000006e4b40013 000002a200000000
0x000000b3bb3fdf28:   0000000000000015 000002a2e6ba2d88
0x000000b3bb3fdf38:   00007ff9e58ac51e 0000000000000000
0x000000b3bb3fdf48:   000000b300000003 0000da88e8e4dc7a 

Instructions: (pc=0x00007ff9e56803d6)
0x00007ff9e56802d6:   4c 63 c0 41 8b c1 48 c1 f8 10 48 63 14 19 41 8b
0x00007ff9e56802e6:   c9 48 d3 e2 0f b6 c8 49 8d 04 10 49 f7 d0 48 03
0x00007ff9e56802f6:   c8 49 c1 e8 03 48 c1 e9 03 49 23 c8 eb 12 49 8b
0x00007ff9e5680306:   00 48 8b d3 49 8b c8 ff 90 00 01 00 00 48 8b c8
0x00007ff9e5680316:   48 89 1f 48 8b c7 48 8b 5c 24 30 48 89 4f 08 48
0x00007ff9e5680326:   83 c4 20 5f c3 cc cc cc cc cc 0f b6 05 f6 a5 a8
0x00007ff9e5680336:   00 48 8b d1 84 c0 74 16 44 8b 41 08 8b 0d 50 8c
0x00007ff9e5680346:   a8 00 49 d3 e0 4c 03 05 3e 8c a8 00 eb 04 4c 8b
0x00007ff9e5680356:   41 08 45 8b 48 08 45 85 c9 7e 0e 41 f6 c1 01 75
0x00007ff9e5680366:   50 41 c1 f9 03 49 63 c1 c3 79 46 84 c0 41 b8 0c
0x00007ff9e5680376:   00 00 00 8b 05 79 9d a8 00 b9 10 00 00 00 41 0f
0x00007ff9e5680386:   45 c8 ff c8 4c 63 c0 41 8b c1 48 c1 f8 10 0f b6
0x00007ff9e5680396:   c0 48 63 14 11 41 8b c9 48 d3 e2 49 8d 0c 10 49
0x00007ff9e56803a6:   f7 d0 48 03 c1 49 c1 e8 03 48 c1 e8 03 49 23 c0
0x00007ff9e56803b6:   c3 49 8b 00 49 8b c8 48 ff a0 00 01 00 00 cc cc
0x00007ff9e56803c6:   cc cc cc cc cc cc cc cc cc cc 4c 8b c2 48 8b d1
0x00007ff9e56803d6:   45 8b 48 08 45 85 c9 7e 0e 41 f6 c1 01 75 53 41
0x00007ff9e56803e6:   c1 f9 03 49 63 c1 c3 79 49 80 3d 37 a5 a8 00 00
0x00007ff9e56803f6:   b8 0c 00 00 00 b9 10 00 00 00 0f 45 c8 8b 05 ef
0x00007ff9e5680406:   9c a8 00 ff c8 4c 63 c0 41 8b c1 48 c1 f8 10 48
0x00007ff9e5680416:   63 14 11 41 8b c9 0f b6 c0 48 d3 e2 49 8d 0c 10
0x00007ff9e5680426:   49 f7 d0 48 03 c1 49 c1 e8 03 48 c1 e8 03 49 23
0x00007ff9e5680436:   c0 c3 49 8b 00 49 8b c8 48 ff a0 00 01 00 00 cc
0x00007ff9e5680446:   cc cc cc cc cc cc cc cc cc cc 48 83 ec 28 ba 37
0x00007ff9e5680456:   00 00 00 48 8d 0d f0 19 86 00 e8 9b 24 14 00 cc
0x00007ff9e5680466:   cc cc cc cc cc cc cc cc cc cc 40 53 48 83 ec 20
0x00007ff9e5680476:   48 8b d9 49 8b c0 33 c9 45 0f b6 c1 48 89 0b 48
0x00007ff9e5680486:   89 4b 08 48 8b cb 48 89 53 10 48 8b d0 e8 78 0a
0x00007ff9e5680496:   00 00 48 8b c3 48 83 c4 20 5b c3 cc cc cc cc cc
0x00007ff9e56804a6:   cc cc cc cc cc cc cc cc cc cc 40 53 48 83 ec 20
0x00007ff9e56804b6:   33 c0 44 88 41 10 45 0f b6 c1 48 89 01 48 89 41
0x00007ff9e56804c6:   08 48 8b d9 e8 41 0b 00 00 48 8b c3 48 83 c4 20 


Stack slot to memory mapping:

stack at sp + 0 slots: 0x00007ff9e589dd3b jvm.dll
stack at sp + 1 slots: 0x000000000000012f is an unknown value
stack at sp + 2 slots: 0x00007ff9e5bff81d jvm.dll
stack at sp + 3 slots: 0x000002a2e6ba2d88 points into unknown readable memory: 0x00007ff9e5f25700 | 00 57 f2 e5 f9 7f 00 00
stack at sp + 4 slots: 0x00007ff9e58ac51e jvm.dll
stack at sp + 5 slots: 0x000002a2e5850000 points into unknown readable memory: 0x68636170612f6772 | 72 67 2f 61 70 61 63 68
stack at sp + 6 slots: 0x00007ff9e5c8b3c1 jvm.dll
stack at sp + 7 slots: 0x0 is null


---------------  P R O C E S S  ---------------

Threads class SMR info:
_java_thread_list=0x000002a2e4e97a80, length=29, elements={
0x000002a29e23ef20, 0x000002a29e23f980, 0x000002a29e243920, 0x000002a29e244810,
0x000002a29e247280, 0x000002a29e2481c0, 0x000002a29e24d480, 0x000002a2e41c1be0,
0x000002a2e41e4000, 0x000002a2e41e6690, 0x000002a2e41fb050, 0x000002a2e499de90,
0x000002a2e4ae03f0, 0x000002a2e4b1c6b0, 0x000002a2e4b72ca0, 0x000002a2e5159d30,
0x000002a2e5311030, 0x000002a2e53116c0, 0x000002a2e6ee4e50, 0x000002a2e6ee1340,
0x000002a2e5ad01d0, 0x000002a2e5ace790, 0x000002a2e5acda70, 0x000002a2e5acee20,
0x000002a2e5ace100, 0x000002a2e5acc6c0, 0x000002a2e5acc030, 0x000002a2e5acfb40,
0x000002a2e5accd50
}

Java Threads: ( => current thread )
  0x000002a29e23ef20 JavaThread "Reference Handler"          daemon [_thread_blocked, id=16700, stack(0x000000b3bba00000,0x000000b3bbb00000) (1024K)]
  0x000002a29e23f980 JavaThread "Finalizer"                  daemon [_thread_blocked, id=25456, stack(0x000000b3bbb00000,0x000000b3bbc00000) (1024K)]
  0x000002a29e243920 JavaThread "Signal Dispatcher"          daemon [_thread_blocked, id=26604, stack(0x000000b3bbc00000,0x000000b3bbd00000) (1024K)]
  0x000002a29e244810 JavaThread "Attach Listener"            daemon [_thread_blocked, id=10096, stack(0x000000b3bbd00000,0x000000b3bbe00000) (1024K)]
  0x000002a29e247280 JavaThread "Service Thread"             daemon [_thread_blocked, id=10648, stack(0x000000b3bbe00000,0x000000b3bbf00000) (1024K)]
  0x000002a29e2481c0 JavaThread "Monitor Deflation Thread"   daemon [_thread_blocked, id=1412, stack(0x000000b3bbf00000,0x000000b3bc000000) (1024K)]
  0x000002a29e24d480 JavaThread "C1 CompilerThread0"         daemon [_thread_blocked, id=20336, stack(0x000000b3bc000000,0x000000b3bc100000) (1024K)]
  0x000002a2e41c1be0 JavaThread "JDWP Transport Listener: dt_socket" daemon [_thread_blocked, id=16688, stack(0x000000b3bc300000,0x000000b3bc400000) (1024K)]
  0x000002a2e41e4000 JavaThread "JDWP Event Helper Thread"   daemon [_thread_blocked, id=21220, stack(0x000000b3bc400000,0x000000b3bc500000) (1024K)]
  0x000002a2e41e6690 JavaThread "JDWP Command Reader"        daemon [_thread_in_native, id=26472, stack(0x000000b3bc500000,0x000000b3bc600000) (1024K)]
  0x000002a2e41fb050 JavaThread "Common-Cleaner"             daemon [_thread_blocked, id=10456, stack(0x000000b3bc600000,0x000000b3bc700000) (1024K)]
  0x000002a2e499de90 JavaThread "Notification Thread"        daemon [_thread_blocked, id=23616, stack(0x000000b3bc700000,0x000000b3bc800000) (1024K)]
  0x000002a2e4ae03f0 JavaThread "RMI TCP Accept-0"           daemon [_thread_in_native, id=13336, stack(0x000000b3bc900000,0x000000b3bca00000) (1024K)]
  0x000002a2e4b1c6b0 JavaThread "RMI TCP Accept-51349"       daemon [_thread_in_native, id=2056, stack(0x000000b3bca00000,0x000000b3bcb00000) (1024K)]
  0x000002a2e4b72ca0 JavaThread "RMI TCP Accept-0"           daemon [_thread_in_native, id=7556, stack(0x000000b3bd500000,0x000000b3bd600000) (1024K)]
  0x000002a2e5159d30 JavaThread "RMI Scheduler(0)"           daemon [_thread_blocked, id=7296, stack(0x000000b3bdb00000,0x000000b3bdc00000) (1024K)]
  0x000002a2e5311030 JavaThread "JMX server connection timeout 54" daemon [_thread_blocked, id=11272, stack(0x000000b3bdd00000,0x000000b3bde00000) (1024K)]
  0x000002a2e53116c0 JavaThread "mysql-cj-abandoned-connection-cleanup" daemon [_thread_blocked, id=10640, stack(0x000000b3be300000,0x000000b3be400000) (1024K)]
  0x000002a2e6ee4e50 JavaThread "DestroyJavaVM"                     [_thread_blocked, id=25140, stack(0x000000b3bb200000,0x000000b3bb300000) (1024K)]
  0x000002a2e6ee1340 JavaThread "RMI TCP Connection(idle)"   daemon [_thread_blocked, id=26600, stack(0x000000b3bc200000,0x000000b3bc300000) (1024K)]
  0x000002a2e5ad01d0 JavaThread "RMI TCP Connection(idle)"   daemon [_thread_blocked, id=24836, stack(0x000000b3bf000000,0x000000b3bf100000) (1024K)]
  0x000002a2e5ace790 JavaThread "RMI TCP Connection(idle)"   daemon [_thread_blocked, id=12084, stack(0x000000b3bf100000,0x000000b3bf200000) (1024K)]
  0x000002a2e5acda70 JavaThread "RMI TCP Connection(idle)"   daemon [_thread_blocked, id=6332, stack(0x000000b3bee00000,0x000000b3bef00000) (1024K)]
  0x000002a2e5acee20 JavaThread "Thread-21"                         [_thread_blocked, id=26844, stack(0x000000b3baf00000,0x000000b3bb000000) (1024K)]
  0x000002a2e5ace100 JavaThread "restartedMain"                     [_thread_blocked, id=27552, stack(0x000000b3bd900000,0x000000b3bda00000) (1024K)]
  0x000002a2e5acc6c0 JavaThread "Catalina-utility-1"                [_thread_blocked, id=1492, stack(0x000000b3bb000000,0x000000b3bb100000) (1024K)]
  0x000002a2e5acc030 JavaThread "Catalina-utility-2"                [_thread_blocked, id=2368, stack(0x000000b3bc800000,0x000000b3bc900000) (1024K)]
  0x000002a2e5acfb40 JavaThread "container-0"                       [_thread_blocked, id=23476, stack(0x000000b3bd800000,0x000000b3bd900000) (1024K)]
  0x000002a2e5accd50 JavaThread "HikariPool-7:housekeeper"   daemon [_thread_blocked, id=6188, stack(0x000000b3bda00000,0x000000b3bdb00000) (1024K)]
Total: 29

Other Threads:
  0x000002a29e21cae0 VMThread "VM Thread"                           [id=7960, stack(0x000000b3bb900000,0x000000b3bba00000) (1024K)]
  0x000002a29e20ade0 WatcherThread "VM Periodic Task Thread"        [id=7464, stack(0x000000b3bb800000,0x000000b3bb900000) (1024K)]
=>0x000002a28dc8cdb0 WorkerThread "GC Thread#0"                     [id=23580, stack(0x000000b3bb300000,0x000000b3bb400000) (1024K)]
  0x000002a2e4b4b8b0 WorkerThread "GC Thread#1"                     [id=432, stack(0x000000b3bcb00000,0x000000b3bcc00000) (1024K)]
  0x000002a2e4b84590 WorkerThread "GC Thread#2"                     [id=8140, stack(0x000000b3bcc00000,0x000000b3bcd00000) (1024K)]
  0x000002a2e4b87230 WorkerThread "GC Thread#3"                     [id=8456, stack(0x000000b3bcd00000,0x000000b3bce00000) (1024K)]
  0x000002a2e4b875e0 WorkerThread "GC Thread#4"                     [id=16304, stack(0x000000b3bce00000,0x000000b3bcf00000) (1024K)]
  0x000002a2e4b87990 WorkerThread "GC Thread#5"                     [id=25504, stack(0x000000b3bcf00000,0x000000b3bd000000) (1024K)]
  0x000002a2e4b87d40 WorkerThread "GC Thread#6"                     [id=4420, stack(0x000000b3bd000000,0x000000b3bd100000) (1024K)]
  0x000002a2e4b880f0 WorkerThread "GC Thread#7"                     [id=10184, stack(0x000000b3bd100000,0x000000b3bd200000) (1024K)]
  0x000002a2e4b884a0 WorkerThread "GC Thread#8"                     [id=11020, stack(0x000000b3bd200000,0x000000b3bd300000) (1024K)]
  0x000002a2e4b8a860 WorkerThread "GC Thread#9"                     [id=7672, stack(0x000000b3bd300000,0x000000b3bd400000) (1024K)]
  0x000002a2e4b8ac10 WorkerThread "GC Thread#10"                    [id=2148, stack(0x000000b3bd400000,0x000000b3bd500000) (1024K)]
  0x000002a2e512d0b0 WorkerThread "GC Thread#11"                    [id=7064, stack(0x000000b3bd600000,0x000000b3bd700000) (1024K)]
  0x000002a2e512c1f0 WorkerThread "GC Thread#12"                    [id=23872, stack(0x000000b3bd700000,0x000000b3bd800000) (1024K)]
  0x000002a28dc9e140 ConcurrentGCThread "G1 Main Marker"            [id=23016, stack(0x000000b3bb400000,0x000000b3bb500000) (1024K)]
  0x000002a28dca2090 WorkerThread "G1 Conc#0"                       [id=23864, stack(0x000000b3bb500000,0x000000b3bb600000) (1024K)]
  0x000002a2e512c5a0 WorkerThread "G1 Conc#1"                       [id=7224, stack(0x000000b3bdf00000,0x000000b3be000000) (1024K)]
  0x000002a2e512d460 WorkerThread "G1 Conc#2"                       [id=23992, stack(0x000000b3be000000,0x000000b3be100000) (1024K)]
  0x000002a28dcde7d0 ConcurrentGCThread "G1 Refine#0"               [id=23156, stack(0x000000b3bb600000,0x000000b3bb700000) (1024K)]
  0x000002a29e0e2850 ConcurrentGCThread "G1 Service"                [id=23144, stack(0x000000b3bb700000,0x000000b3bb800000) (1024K)]
Total: 21

Threads with active compile tasks:
Total: 0

VM state: at safepoint (normal execution)

VM Mutex/Monitor currently owned by a thread:  ([mutex/lock_event])
[0x00007ff9e6189f10] Threads_lock - owner thread: 0x000002a29e21cae0
[0x00007ff9e618a010] Heap_lock - owner thread: 0x000002a2e41fb050

Heap address: 0x0000000085c00000, size: 1956 MB, Compressed Oops mode: 32-bit

CDS archive(s) mapped at: [0x000002a29f000000-0x000002a29fc90000-0x000002a29fc90000), size 13172736, SharedBaseAddress: 0x000002a29f000000, ArchiveRelocationMode: 1.
Compressed class space mapped at: 0x000002a2a0000000-0x000002a2e0000000, reserved size: 1073741824
Narrow klass base: 0x000002a29f000000, Narrow klass shift: 0, Narrow klass range: 0x100000000

GC Precious Log:
 CardTable entry size: 512
 Card Set container configuration: InlinePtr #cards 5 size 8 Array Of Cards #cards 12 size 40 Howl #buckets 4 coarsen threshold 1843 Howl Bitmap #cards 512 size 80 coarsen threshold 460 Card regions per heap region 1 cards per card region 2048
 CPUs: 16 total, 16 available
 Memory: 7816M
 Large Page Support: Disabled
 NUMA Support: Disabled
 Compressed Oops: Enabled (32-bit)
 Heap Region Size: 1M
 Heap Min Capacity: 8M
 Heap Initial Capacity: 124M
 Heap Max Capacity: 1956M
 Pre-touch: Disabled
 Parallel Workers: 13
 Concurrent Workers: 3
 Concurrent Refinement Workers: 13
 Periodic GC: Disabled

Heap:
 garbage-first heap   total 86016K, used 70734K [0x0000000085c00000, 0x0000000100000000)
  region size 1024K, 49 young (50176K), 5 survivors (5120K)
 Metaspace       used 69743K, committed 70400K, reserved 1114112K
  class space    used 9725K, committed 10048K, reserved 1048576K

Heap Regions: E=young(eden), S=young(survivor), O=old, HS=humongous(starts), HC=humongous(continues), CS=collection set, F=free, TAMS=top-at-mark-start, PB=parsable bottom
|   0|0x0000000085c00000, 0x0000000085d00000, 0x0000000085d00000|100%|HS|  |TAMS 0x0000000085c00000| PB 0x0000000085c00000| Untracked 
|   1|0x0000000085d00000, 0x0000000085e00000, 0x0000000085e00000|100%|HS|  |TAMS 0x0000000085d00000| PB 0x0000000085d00000| Untracked 
|   2|0x0000000085e00000, 0x0000000085efffe8, 0x0000000085f00000| 99%| O|  |TAMS 0x0000000085e00000| PB 0x0000000085e00000| Untracked 
|   3|0x0000000085f00000, 0x0000000086000000, 0x0000000086000000|100%| O|  |TAMS 0x0000000085f00000| PB 0x0000000085f00000| Untracked 
|   4|0x0000000086000000, 0x00000000860fffe8, 0x0000000086100000| 99%| O|  |TAMS 0x0000000086000000| PB 0x0000000086000000| Untracked 
|   5|0x0000000086100000, 0x0000000086200000, 0x0000000086200000|100%| O|  |TAMS 0x0000000086100000| PB 0x0000000086100000| Untracked 
|   6|0x0000000086200000, 0x0000000086300000, 0x0000000086300000|100%| O|  |TAMS 0x0000000086200000| PB 0x0000000086200000| Untracked 
|   7|0x0000000086300000, 0x00000000863ffff8, 0x0000000086400000| 99%| O|  |TAMS 0x0000000086300000| PB 0x0000000086300000| Untracked 
|   8|0x0000000086400000, 0x00000000864fff98, 0x0000000086500000| 99%| O|  |TAMS 0x0000000086400000| PB 0x0000000086400000| Untracked 
|   9|0x0000000086500000, 0x0000000086600000, 0x0000000086600000|100%| O|  |TAMS 0x0000000086500000| PB 0x0000000086500000| Untracked 
|  10|0x0000000086600000, 0x00000000866fffd0, 0x0000000086700000| 99%| O|  |TAMS 0x0000000086600000| PB 0x0000000086600000| Untracked 
|  11|0x0000000086700000, 0x00000000867fffc0, 0x0000000086800000| 99%| O|  |TAMS 0x0000000086700000| PB 0x0000000086700000| Untracked 
|  12|0x0000000086800000, 0x00000000868fffe8, 0x0000000086900000| 99%| O|  |TAMS 0x0000000086800000| PB 0x0000000086800000| Untracked 
|  13|0x0000000086900000, 0x00000000869fffd8, 0x0000000086a00000| 99%| O|  |TAMS 0x0000000086900000| PB 0x0000000086900000| Untracked 
|  14|0x0000000086a00000, 0x0000000086affff0, 0x0000000086b00000| 99%| O|  |TAMS 0x0000000086a00000| PB 0x0000000086a00000| Untracked 
|  15|0x0000000086b00000, 0x0000000086bfffd8, 0x0000000086c00000| 99%| O|  |TAMS 0x0000000086b00000| PB 0x0000000086b00000| Untracked 
|  16|0x0000000086c00000, 0x0000000086d00000, 0x0000000086d00000|100%| O|  |TAMS 0x0000000086c00000| PB 0x0000000086c00000| Untracked 
|  17|0x0000000086d00000, 0x0000000086dfffa8, 0x0000000086e00000| 99%| O|  |TAMS 0x0000000086d00000| PB 0x0000000086d00000| Untracked 
|  18|0x0000000086e00000, 0x0000000086ea4d58, 0x0000000086f00000| 64%| O|  |TAMS 0x0000000086e00000| PB 0x0000000086e00000| Untracked 
|  19|0x0000000086f00000, 0x0000000086ffec00, 0x0000000087000000| 99%| O|  |TAMS 0x0000000086f00000| PB 0x0000000086f00000| Untracked 
|  20|0x0000000087000000, 0x0000000087100000, 0x0000000087100000|100%| O|  |TAMS 0x0000000087000000| PB 0x0000000087000000| Untracked 
|  21|0x0000000087100000, 0x00000000871fffb8, 0x0000000087200000| 99%| O|  |TAMS 0x0000000087100000| PB 0x0000000087100000| Untracked 
|  22|0x0000000087200000, 0x0000000087300000, 0x0000000087300000|100%| O|  |TAMS 0x0000000087200000| PB 0x0000000087200000| Untracked 
|  23|0x0000000087300000, 0x00000000873d6e48, 0x0000000087400000| 83%| O|  |TAMS 0x0000000087300000| PB 0x0000000087300000| Untracked 
|  24|0x0000000087400000, 0x00000000874e34c8, 0x0000000087500000| 88%| O|  |TAMS 0x0000000087400000| PB 0x0000000087400000| Untracked 
|  25|0x0000000087500000, 0x0000000087560aa8, 0x0000000087600000| 37%| O|  |TAMS 0x0000000087500000| PB 0x0000000087500000| Untracked 
|  26|0x0000000087600000, 0x000000008762ef18, 0x0000000087700000| 18%| O|  |TAMS 0x0000000087600000| PB 0x0000000087600000| Untracked 
|  27|0x0000000087700000, 0x0000000087700000, 0x0000000087800000|  0%| F|  |TAMS 0x0000000087700000| PB 0x0000000087700000| Untracked 
|  28|0x0000000087800000, 0x000000008781a210, 0x0000000087900000| 10%| O|  |TAMS 0x0000000087800000| PB 0x0000000087800000| Untracked 
|  29|0x0000000087900000, 0x000000008790c7f0, 0x0000000087a00000|  4%| O|  |TAMS 0x0000000087900000| PB 0x0000000087900000| Untracked 
|  30|0x0000000087a00000, 0x0000000087a00000, 0x0000000087b00000|  0%| F|  |TAMS 0x0000000087a00000| PB 0x0000000087a00000| Untracked 
|  31|0x0000000087b00000, 0x0000000087b00000, 0x0000000087c00000|  0%| F|  |TAMS 0x0000000087b00000| PB 0x0000000087b00000| Untracked 
|  32|0x0000000087c00000, 0x0000000087c00000, 0x0000000087d00000|  0%| F|  |TAMS 0x0000000087c00000| PB 0x0000000087c00000| Untracked 
|  33|0x0000000087d00000, 0x0000000087d00000, 0x0000000087e00000|  0%| F|  |TAMS 0x0000000087d00000| PB 0x0000000087d00000| Untracked 
|  34|0x0000000087e00000, 0x0000000087e00000, 0x0000000087f00000|  0%| F|  |TAMS 0x0000000087e00000| PB 0x0000000087e00000| Untracked 
|  35|0x0000000087f00000, 0x0000000087f42360, 0x0000000088000000| 25%| S|  |TAMS 0x0000000087f00000| PB 0x0000000087f00000| Complete 
|  36|0x0000000088000000, 0x0000000088100000, 0x0000000088100000|100%| S|  |TAMS 0x0000000088000000| PB 0x0000000088000000| Complete 
|  37|0x0000000088100000, 0x0000000088200000, 0x0000000088200000|100%| S|  |TAMS 0x0000000088100000| PB 0x0000000088100000| Complete 
|  38|0x0000000088200000, 0x0000000088300000, 0x0000000088300000|100%| S|  |TAMS 0x0000000088200000| PB 0x0000000088200000| Complete 
|  39|0x0000000088300000, 0x0000000088400000, 0x0000000088400000|100%| S|  |TAMS 0x0000000088300000| PB 0x0000000088300000| Complete 
|  40|0x0000000088400000, 0x0000000088500000, 0x0000000088500000|100%| E|CS|TAMS 0x0000000088400000| PB 0x0000000088400000| Complete 
|  41|0x0000000088500000, 0x0000000088600000, 0x0000000088600000|100%| E|CS|TAMS 0x0000000088500000| PB 0x0000000088500000| Complete 
|  42|0x0000000088600000, 0x0000000088700000, 0x0000000088700000|100%| E|CS|TAMS 0x0000000088600000| PB 0x0000000088600000| Complete 
|  43|0x0000000088700000, 0x0000000088800000, 0x0000000088800000|100%| E|CS|TAMS 0x0000000088700000| PB 0x0000000088700000| Complete 
|  44|0x0000000088800000, 0x0000000088900000, 0x0000000088900000|100%| E|CS|TAMS 0x0000000088800000| PB 0x0000000088800000| Complete 
|  45|0x0000000088900000, 0x0000000088a00000, 0x0000000088a00000|100%| E|CS|TAMS 0x0000000088900000| PB 0x0000000088900000| Complete 
|  46|0x0000000088a00000, 0x0000000088b00000, 0x0000000088b00000|100%| E|CS|TAMS 0x0000000088a00000| PB 0x0000000088a00000| Complete 
|  47|0x0000000088b00000, 0x0000000088c00000, 0x0000000088c00000|100%| E|CS|TAMS 0x0000000088b00000| PB 0x0000000088b00000| Complete 
|  48|0x0000000088c00000, 0x0000000088cffbb0, 0x0000000088d00000| 99%| E|CS|TAMS 0x0000000088c00000| PB 0x0000000088c00000| Complete 
|  49|0x0000000088d00000, 0x0000000088e00000, 0x0000000088e00000|100%| E|CS|TAMS 0x0000000088d00000| PB 0x0000000088d00000| Complete 
|  50|0x0000000088e00000, 0x0000000088f00000, 0x0000000088f00000|100%| E|CS|TAMS 0x0000000088e00000| PB 0x0000000088e00000| Complete 
|  51|0x0000000088f00000, 0x0000000089000000, 0x0000000089000000|100%| E|CS|TAMS 0x0000000088f00000| PB 0x0000000088f00000| Complete 
|  52|0x0000000089000000, 0x0000000089100000, 0x0000000089100000|100%| E|CS|TAMS 0x0000000089000000| PB 0x0000000089000000| Complete 
|  53|0x0000000089100000, 0x0000000089200000, 0x0000000089200000|100%| E|CS|TAMS 0x0000000089100000| PB 0x0000000089100000| Complete 
|  54|0x0000000089200000, 0x0000000089300000, 0x0000000089300000|100%| E|CS|TAMS 0x0000000089200000| PB 0x0000000089200000| Complete 
|  55|0x0000000089300000, 0x0000000089400000, 0x0000000089400000|100%| E|CS|TAMS 0x0000000089300000| PB 0x0000000089300000| Complete 
|  56|0x0000000089400000, 0x0000000089500000, 0x0000000089500000|100%| E|CS|TAMS 0x0000000089400000| PB 0x0000000089400000| Complete 
|  57|0x0000000089500000, 0x0000000089600000, 0x0000000089600000|100%| E|CS|TAMS 0x0000000089500000| PB 0x0000000089500000| Complete 
|  58|0x0000000089600000, 0x0000000089700000, 0x0000000089700000|100%| E|CS|TAMS 0x0000000089600000| PB 0x0000000089600000| Complete 
|  59|0x0000000089700000, 0x0000000089800000, 0x0000000089800000|100%| E|CS|TAMS 0x0000000089700000| PB 0x0000000089700000| Complete 
|  60|0x0000000089800000, 0x0000000089900000, 0x0000000089900000|100%| E|CS|TAMS 0x0000000089800000| PB 0x0000000089800000| Complete 
|  61|0x0000000089900000, 0x0000000089a00000, 0x0000000089a00000|100%| E|CS|TAMS 0x0000000089900000| PB 0x0000000089900000| Complete 
|  62|0x0000000089a00000, 0x0000000089b00000, 0x0000000089b00000|100%| E|CS|TAMS 0x0000000089a00000| PB 0x0000000089a00000| Complete 
|  63|0x0000000089b00000, 0x0000000089c00000, 0x0000000089c00000|100%| E|CS|TAMS 0x0000000089b00000| PB 0x0000000089b00000| Complete 
|  64|0x0000000089c00000, 0x0000000089d00000, 0x0000000089d00000|100%| E|CS|TAMS 0x0000000089c00000| PB 0x0000000089c00000| Complete 
|  65|0x0000000089d00000, 0x0000000089e00000, 0x0000000089e00000|100%| E|CS|TAMS 0x0000000089d00000| PB 0x0000000089d00000| Complete 
|  66|0x0000000089e00000, 0x0000000089f00000, 0x0000000089f00000|100%| E|CS|TAMS 0x0000000089e00000| PB 0x0000000089e00000| Complete 
|  67|0x0000000089f00000, 0x000000008a000000, 0x000000008a000000|100%| E|CS|TAMS 0x0000000089f00000| PB 0x0000000089f00000| Complete 
|  68|0x000000008a000000, 0x000000008a100000, 0x000000008a100000|100%| E|CS|TAMS 0x000000008a000000| PB 0x000000008a000000| Complete 
|  69|0x000000008a100000, 0x000000008a200000, 0x000000008a200000|100%| E|CS|TAMS 0x000000008a100000| PB 0x000000008a100000| Complete 
|  70|0x000000008a200000, 0x000000008a300000, 0x000000008a300000|100%| E|CS|TAMS 0x000000008a200000| PB 0x000000008a200000| Complete 
|  71|0x000000008a300000, 0x000000008a400000, 0x000000008a400000|100%| E|CS|TAMS 0x000000008a300000| PB 0x000000008a300000| Complete 
|  72|0x000000008a400000, 0x000000008a500000, 0x000000008a500000|100%| E|CS|TAMS 0x000000008a400000| PB 0x000000008a400000| Complete 
|  73|0x000000008a500000, 0x000000008a600000, 0x000000008a600000|100%| E|CS|TAMS 0x000000008a500000| PB 0x000000008a500000| Complete 
|  74|0x000000008a600000, 0x000000008a700000, 0x000000008a700000|100%| E|CS|TAMS 0x000000008a600000| PB 0x000000008a600000| Complete 
|  75|0x000000008a700000, 0x000000008a800000, 0x000000008a800000|100%| E|CS|TAMS 0x000000008a700000| PB 0x000000008a700000| Complete 
|  76|0x000000008a800000, 0x000000008a900000, 0x000000008a900000|100%| E|CS|TAMS 0x000000008a800000| PB 0x000000008a800000| Complete 
|  77|0x000000008a900000, 0x000000008aa00000, 0x000000008aa00000|100%| E|CS|TAMS 0x000000008a900000| PB 0x000000008a900000| Complete 
|  78|0x000000008aa00000, 0x000000008ab00000, 0x000000008ab00000|100%| E|CS|TAMS 0x000000008aa00000| PB 0x000000008aa00000| Complete 
|  79|0x000000008ab00000, 0x000000008ac00000, 0x000000008ac00000|100%| E|CS|TAMS 0x000000008ab00000| PB 0x000000008ab00000| Complete 
|  80|0x000000008ac00000, 0x000000008ad00000, 0x000000008ad00000|100%| E|CS|TAMS 0x000000008ac00000| PB 0x000000008ac00000| Complete 
|  81|0x000000008ad00000, 0x000000008ae00000, 0x000000008ae00000|100%| E|CS|TAMS 0x000000008ad00000| PB 0x000000008ad00000| Complete 
|  82|0x000000008ae00000, 0x000000008af00000, 0x000000008af00000|100%| E|CS|TAMS 0x000000008ae00000| PB 0x000000008ae00000| Complete 
|  83|0x000000008af00000, 0x000000008b000000, 0x000000008b000000|100%| E|CS|TAMS 0x000000008af00000| PB 0x000000008af00000| Complete 

Card table byte_map: [0x000002a299b00000,0x000002a299ee0000] _byte_map_base: 0x000002a2996d2000

Marking Bits: (CMBitMap*) 0x000002a28dc8e3e0
 Bits: [0x000002a299ee0000, 0x000002a29bd70000)

Polling page: 0x000002a28bbe0000

Metaspace:

Usage:
  Non-class:     58.61 MB used.
      Class:      9.50 MB used.
       Both:     68.11 MB used.

Virtual space:
  Non-class space:       64.00 MB reserved,      58.94 MB ( 92%) committed,  1 nodes.
      Class space:        1.00 GB reserved,       9.81 MB ( <1%) committed,  1 nodes.
             Both:        1.06 GB reserved,      68.75 MB (  6%) committed. 

Chunk freelists:
   Non-Class:  4.69 MB
       Class:  6.16 MB
        Both:  10.85 MB

MaxMetaspaceSize: unlimited
CompressedClassSpaceSize: 1.00 GB
Initial GC threshold: 21.00 MB
Current GC threshold: 114.50 MB
CDS: on
 - commit_granule_bytes: 65536.
 - commit_granule_words: 8192.
 - virtual_space_node_default_size: 8388608.
 - enlarge_chunks_in_place: 1.
 - use_allocation_guard: 0.


Internal statistics:

num_allocs_failed_limit: 6.
num_arena_births: 1470.
num_arena_deaths: 714.
num_vsnodes_births: 2.
num_vsnodes_deaths: 0.
num_space_committed: 1100.
num_space_uncommitted: 0.
num_chunks_returned_to_freelist: 872.
num_chunks_taken_from_freelist: 4275.
num_chunk_merges: 177.
num_chunk_splits: 2689.
num_chunks_enlarged: 1991.
num_inconsistent_stats: 0.

CodeCache: size=49152Kb used=14410Kb max_used=17424Kb free=34741Kb
 bounds [0x000002a2960c0000, 0x000002a2971f0000, 0x000002a2990c0000]
 total_blobs=7668 nmethods=6951 adapters=640
 compilation: enabled
              stopped_count=0, restarted_count=0
 full_count=0

Compilation events (20 events):
Event: 2805.584 Thread 0x000002a29e24d480 9265       1       java.util.LinkedList$LLSpliterator::forEachRemaining (93 bytes)
Event: 2805.584 Thread 0x000002a29e24d480 nmethod 9265 0x000002a2965b8a10 code [0x000002a2965b8c00, 0x000002a2965b8f60]
Event: 2805.636 Thread 0x000002a2e7ce5f50 9266       1       com.mysql.cj.protocol.a.NativeMessageBuilder::buildComQuery (11 bytes)
Event: 2805.636 Thread 0x000002a29e24d480 9267       1       com.mysql.cj.protocol.a.NativeMessageBuilder::buildComQuery (189 bytes)
Event: 2805.636 Thread 0x000002a2e7ce5f50 nmethod 9266 0x000002a296e3aa90 code [0x000002a296e3ac60, 0x000002a296e3ade0]
Event: 2805.637 Thread 0x000002a2e7ce5f50 9268       1       com.mysql.cj.protocol.a.NativeMessageBuilder$$Lambda/0x000002a2a06c6af0::<init> (10 bytes)
Event: 2805.637 Thread 0x000002a2e7ce5f50 nmethod 9268 0x000002a296e3a790 code [0x000002a296e3a920, 0x000002a296e3aa30]
Event: 2805.637 Thread 0x000002a29e24d480 nmethod 9267 0x000002a296a6c010 code [0x000002a296a6c2e0, 0x000002a296a6ca20]
Event: 2805.638 Thread 0x000002a2e7ce5f50 9269       1       java.util.concurrent.ScheduledThreadPoolExecutor::triggerTime (20 bytes)
Event: 2805.638 Thread 0x000002a29e24d480 9270       1       java.util.concurrent.FutureTask::<init> (19 bytes)
Event: 2805.638 Thread 0x000002a29e24d480 nmethod 9270 0x000002a296e3a110 code [0x000002a296e3a2c0, 0x000002a296e3a5c8]
Event: 2805.638 Thread 0x000002a2e7ce5f50 nmethod 9269 0x000002a296a99090 code [0x000002a296a99240, 0x000002a296a99400]
Event: 2805.638 Thread 0x000002a29e24d480 9271       1       java.util.concurrent.Executors::callable (22 bytes)
Event: 2805.638 Thread 0x000002a2e7ce5f50 9272       1       java.util.concurrent.Executors$RunnableAdapter::<init> (15 bytes)
Event: 2805.638 Thread 0x000002a29e24d480 nmethod 9271 0x000002a296a98b90 code [0x000002a296a98d40, 0x000002a296a98fb0]
Event: 2805.638 Thread 0x000002a2e7ce5f50 nmethod 9272 0x000002a296a98690 code [0x000002a296a98820, 0x000002a296a98980]
Event: 2805.638 Thread 0x000002a29e24d480 9273       1       java.util.concurrent.ScheduledThreadPoolExecutor::decorateTask (2 bytes)
Event: 2805.638 Thread 0x000002a2e7ce5f50 9274       1       java.util.concurrent.ScheduledThreadPoolExecutor::delayedExecute (58 bytes)
Event: 2805.638 Thread 0x000002a29e24d480 nmethod 9273 0x000002a296733590 code [0x000002a296733720, 0x000002a2967337e8]
Event: 2805.639 Thread 0x000002a2e7ce5f50 nmethod 9274 0x000002a296732e90 code [0x000002a2967330a0, 0x000002a296733398]

GC Heap History (20 events):
Event: 2198.880 GC heap after
{Heap after GC invocations=24 (full 1):
 garbage-first heap   total 86016K, used 29256K [0x0000000085c00000, 0x0000000100000000)
  region size 1024K, 7 young (7168K), 7 survivors (7168K)
 Metaspace       used 67743K, committed 68672K, reserved 1114112K
  class space    used 9411K, committed 9792K, reserved 1048576K
}
Event: 2331.027 GC heap before
{Heap before GC invocations=25 (full 1):
 garbage-first heap   total 86016K, used 42568K [0x0000000085c00000, 0x0000000100000000)
  region size 1024K, 21 young (21504K), 7 survivors (7168K)
 Metaspace       used 67821K, committed 68672K, reserved 1114112K
  class space    used 9427K, committed 9792K, reserved 1048576K
}
Event: 2331.067 GC heap after
{Heap after GC invocations=26 (full 2):
 garbage-first heap   total 86016K, used 24845K [0x0000000085c00000, 0x0000000100000000)
  region size 1024K, 0 young (0K), 0 survivors (0K)
 Metaspace       used 67680K, committed 68672K, reserved 1114112K
  class space    used 9393K, committed 9792K, reserved 1048576K
}
Event: 2331.602 GC heap before
{Heap before GC invocations=26 (full 2):
 garbage-first heap   total 86016K, used 72973K [0x0000000085c00000, 0x0000000100000000)
  region size 1024K, 48 young (49152K), 0 survivors (0K)
 Metaspace       used 68023K, committed 68736K, reserved 1114112K
  class space    used 9471K, committed 9792K, reserved 1048576K
}
Event: 2331.606 GC heap after
{Heap after GC invocations=27 (full 2):
 garbage-first heap   total 86016K, used 29305K [0x0000000085c00000, 0x0000000100000000)
  region size 1024K, 5 young (5120K), 5 survivors (5120K)
 Metaspace       used 68023K, committed 68736K, reserved 1114112K
  class space    used 9471K, committed 9792K, reserved 1048576K
}
Event: 2403.738 GC heap before
{Heap before GC invocations=28 (full 2):
 garbage-first heap   total 86016K, used 57977K [0x0000000085c00000, 0x0000000100000000)
  region size 1024K, 35 young (35840K), 5 survivors (5120K)
 Metaspace       used 69377K, committed 70016K, reserved 1114112K
  class space    used 9716K, committed 9984K, reserved 1048576K
}
Event: 2403.782 GC heap after
{Heap after GC invocations=29 (full 3):
 garbage-first heap   total 86016K, used 25589K [0x0000000085c00000, 0x0000000100000000)
  region size 1024K, 0 young (0K), 0 survivors (0K)
 Metaspace       used 69093K, committed 70016K, reserved 1114112K
  class space    used 9671K, committed 9984K, reserved 1048576K
}
Event: 2404.253 GC heap before
{Heap before GC invocations=29 (full 3):
 garbage-first heap   total 86016K, used 71669K [0x0000000085c00000, 0x0000000100000000)
  region size 1024K, 46 young (47104K), 0 survivors (0K)
 Metaspace       used 69238K, committed 70016K, reserved 1114112K
  class space    used 9685K, committed 9984K, reserved 1048576K
}
Event: 2404.257 GC heap after
{Heap after GC invocations=30 (full 3):
 garbage-first heap   total 86016K, used 29832K [0x0000000085c00000, 0x0000000100000000)
  region size 1024K, 5 young (5120K), 5 survivors (5120K)
 Metaspace       used 69238K, committed 70016K, reserved 1114112K
  class space    used 9685K, committed 9984K, reserved 1048576K
}
Event: 2705.583 GC heap before
{Heap before GC invocations=30 (full 3):
 garbage-first heap   total 86016K, used 42120K [0x0000000085c00000, 0x0000000100000000)
  region size 1024K, 18 young (18432K), 5 survivors (5120K)
 Metaspace       used 69267K, committed 70016K, reserved 1114112K
  class space    used 9686K, committed 9984K, reserved 1048576K
}
Event: 2705.621 GC heap after
{Heap after GC invocations=31 (full 4):
 garbage-first heap   total 86016K, used 25438K [0x0000000085c00000, 0x0000000100000000)
  region size 1024K, 0 young (0K), 0 survivors (0K)
 Metaspace       used 69242K, committed 70016K, reserved 1114112K
  class space    used 9679K, committed 9984K, reserved 1048576K
}
Event: 2706.057 GC heap before
{Heap before GC invocations=31 (full 4):
 garbage-first heap   total 86016K, used 70494K [0x0000000085c00000, 0x0000000100000000)
  region size 1024K, 45 young (46080K), 0 survivors (0K)
 Metaspace       used 69379K, committed 70144K, reserved 1114112K
  class space    used 9691K, committed 9984K, reserved 1048576K
}
Event: 2706.060 GC heap after
{Heap after GC invocations=32 (full 4):
 garbage-first heap   total 86016K, used 29534K [0x0000000085c00000, 0x0000000100000000)
  region size 1024K, 4 young (4096K), 4 survivors (4096K)
 Metaspace       used 69379K, committed 70144K, reserved 1114112K
  class space    used 9691K, committed 9984K, reserved 1048576K
}
Event: 2797.670 GC heap before
{Heap before GC invocations=32 (full 4):
 garbage-first heap   total 86016K, used 42846K [0x0000000085c00000, 0x0000000100000000)
  region size 1024K, 18 young (18432K), 4 survivors (4096K)
 Metaspace       used 69412K, committed 70144K, reserved 1114112K
  class space    used 9693K, committed 9984K, reserved 1048576K
}
Event: 2797.714 GC heap after
{Heap after GC invocations=33 (full 5):
 garbage-first heap   total 86016K, used 25508K [0x0000000085c00000, 0x0000000100000000)
  region size 1024K, 0 young (0K), 0 survivors (0K)
 Metaspace       used 69409K, committed 70144K, reserved 1114112K
  class space    used 9692K, committed 9984K, reserved 1048576K
}
Event: 2798.133 GC heap before
{Heap before GC invocations=33 (full 5):
 garbage-first heap   total 86016K, used 70564K [0x0000000085c00000, 0x0000000100000000)
  region size 1024K, 45 young (46080K), 0 survivors (0K)
 Metaspace       used 69596K, committed 70336K, reserved 1114112K
  class space    used 9711K, committed 10048K, reserved 1048576K
}
Event: 2798.136 GC heap after
{Heap after GC invocations=34 (full 5):
 garbage-first heap   total 86016K, used 29735K [0x0000000085c00000, 0x0000000100000000)
  region size 1024K, 5 young (5120K), 5 survivors (5120K)
 Metaspace       used 69596K, committed 70336K, reserved 1114112K
  class space    used 9711K, committed 10048K, reserved 1048576K
}
Event: 2804.786 GC heap before
{Heap before GC invocations=34 (full 5):
 garbage-first heap   total 86016K, used 42023K [0x0000000085c00000, 0x0000000100000000)
  region size 1024K, 18 young (18432K), 5 survivors (5120K)
 Metaspace       used 69599K, committed 70336K, reserved 1114112K
  class space    used 9712K, committed 10048K, reserved 1048576K
}
Event: 2804.823 GC heap after
{Heap after GC invocations=35 (full 6):
 garbage-first heap   total 86016K, used 25679K [0x0000000085c00000, 0x0000000100000000)
  region size 1024K, 0 young (0K), 0 survivors (0K)
 Metaspace       used 69596K, committed 70336K, reserved 1114112K
  class space    used 9711K, committed 10048K, reserved 1048576K
}
Event: 2858.147 GC heap before
{Heap before GC invocations=35 (full 6):
 garbage-first heap   total 86016K, used 69711K [0x0000000085c00000, 0x0000000100000000)
  region size 1024K, 44 young (45056K), 0 survivors (0K)
 Metaspace       used 69743K, committed 70400K, reserved 1114112K
  class space    used 9725K, committed 10048K, reserved 1048576K
}

Dll operation events (12 events):
Event: 0.015 Loaded shared library C:\Program Files\Java\jdk-21.0.10\bin\java.dll
Event: 0.195 Loaded shared library C:\Program Files\Java\jdk-21.0.10\bin\zip.dll
Event: 0.199 Loaded shared library C:\Program Files\Java\jdk-21.0.10\bin\instrument.dll
Event: 0.204 Loaded shared library C:\Program Files\Java\jdk-21.0.10\bin\net.dll
Event: 0.205 Loaded shared library C:\Program Files\Java\jdk-21.0.10\bin\nio.dll
Event: 0.207 Loaded shared library C:\Program Files\Java\jdk-21.0.10\bin\zip.dll
Event: 0.293 Loaded shared library C:\Program Files\Java\jdk-21.0.10\bin\jimage.dll
Event: 0.325 Loaded shared library C:\Program Files\Java\jdk-21.0.10\bin\management.dll
Event: 0.332 Loaded shared library C:\Program Files\Java\jdk-21.0.10\bin\management_ext.dll
Event: 0.478 Loaded shared library C:\Program Files\Java\jdk-21.0.10\bin\extnet.dll
Event: 0.496 Loaded shared library C:\Program Files\Java\jdk-21.0.10\bin\verify.dll
Event: 1.413 Loaded shared library C:\Program Files\Java\jdk-21.0.10\bin\sunmscapi.dll

Deoptimization events (20 events):
Event: 2805.178 Thread 0x000002a2e5ace100 DEOPT PACKING pc=0x000002a296950b5c sp=0x000000b3bd9fca90
Event: 2805.178 Thread 0x000002a2e5ace100 DEOPT UNPACKING pc=0x000002a296114e42 sp=0x000000b3bd9fbfc8 mode 1
Event: 2805.178 Thread 0x000002a2e5ace100 DEOPT PACKING pc=0x000002a29695630c sp=0x000000b3bd9fcb80
Event: 2805.178 Thread 0x000002a2e5ace100 DEOPT UNPACKING pc=0x000002a296114e42 sp=0x000000b3bd9fc140 mode 1
Event: 2805.178 Thread 0x000002a2e5ace100 DEOPT PACKING pc=0x000002a296954a24 sp=0x000000b3bd9fcd00
Event: 2805.178 Thread 0x000002a2e5ace100 DEOPT UNPACKING pc=0x000002a296114e42 sp=0x000000b3bd9fc2c0 mode 1
Event: 2805.178 Thread 0x000002a2e5ace100 DEOPT PACKING pc=0x000002a296950b5c sp=0x000000b3bd9fca90
Event: 2805.178 Thread 0x000002a2e5ace100 DEOPT UNPACKING pc=0x000002a296114e42 sp=0x000000b3bd9fbfc8 mode 1
Event: 2805.178 Thread 0x000002a2e5ace100 DEOPT PACKING pc=0x000002a29695630c sp=0x000000b3bd9fcb80
Event: 2805.178 Thread 0x000002a2e5ace100 DEOPT UNPACKING pc=0x000002a296114e42 sp=0x000000b3bd9fc140 mode 1
Event: 2805.178 Thread 0x000002a2e5ace100 DEOPT PACKING pc=0x000002a296954a24 sp=0x000000b3bd9fcd00
Event: 2805.178 Thread 0x000002a2e5ace100 DEOPT UNPACKING pc=0x000002a296114e42 sp=0x000000b3bd9fc2c0 mode 1
Event: 2805.184 Thread 0x000002a2e5ace100 DEOPT PACKING pc=0x000002a296950b5c sp=0x000000b3bd9fc360
Event: 2805.184 Thread 0x000002a2e5ace100 DEOPT UNPACKING pc=0x000002a296114e42 sp=0x000000b3bd9fb898 mode 1
Event: 2805.184 Thread 0x000002a2e5ace100 DEOPT PACKING pc=0x000002a29695630c sp=0x000000b3bd9fc450
Event: 2805.184 Thread 0x000002a2e5ace100 DEOPT UNPACKING pc=0x000002a296114e42 sp=0x000000b3bd9fba10 mode 1
Event: 2805.184 Thread 0x000002a2e5ace100 DEOPT PACKING pc=0x000002a296954a24 sp=0x000000b3bd9fc5d0
Event: 2805.184 Thread 0x000002a2e5ace100 DEOPT UNPACKING pc=0x000002a296114e42 sp=0x000000b3bd9fbb90 mode 1
Event: 2835.057 Thread 0x000002a2e5ace100 DEOPT PACKING pc=0x000002a2964f3734 sp=0x000000b3bd9fd9f0
Event: 2835.057 Thread 0x000002a2e5ace100 DEOPT UNPACKING pc=0x000002a296114e42 sp=0x000000b3bd9fcea8 mode 0

Classes loaded (20 events):
Event: 2197.971 Loading class java/util/WeakHashMap$KeyIterator
Event: 2197.971 Loading class java/util/WeakHashMap$HashIterator
Event: 2197.972 Loading class java/util/WeakHashMap$HashIterator done
Event: 2197.972 Loading class java/util/WeakHashMap$KeyIterator done
Event: 2198.101 Loading class java/lang/ref/Finalizer$2
Event: 2198.101 Loading class java/lang/ref/Finalizer$2 done
Event: 2198.102 Loading class java/lang/ref/Finalizer$1
Event: 2198.103 Loading class java/lang/ref/Finalizer$1 done
Event: 2198.439 Loading class java/time/DurationEditor
Event: 2198.439 Loading class java/time/DurationEditor done
Event: 2331.303 Loading class java/util/stream/ReferencePipeline$15
Event: 2331.303 Loading class java/util/stream/ReferencePipeline$15 done
Event: 2331.304 Loading class java/util/stream/ReferencePipeline$15$1
Event: 2331.304 Loading class java/util/stream/ReferencePipeline$15$1 done
Event: 2331.667 Loading class java/lang/SafeVarargs
Event: 2331.668 Loading class java/lang/SafeVarargs done
Event: 2331.788 Loading class java/lang/Package$1PackageInfoProxy
Event: 2331.788 Loading class java/lang/Package$1PackageInfoProxy done
Event: 2705.974 Loading class java/lang/invoke/MethodHandleImpl$CountingWrapper$1
Event: 2705.974 Loading class java/lang/invoke/MethodHandleImpl$CountingWrapper$1 done

Classes unloaded (20 events):
Event: 2403.750 Thread 0x000002a29e21cae0 Unloading class 0x000002a2a095c000 'mits/Student_Portal_Backend/Student$HibernateInstantiator'
Event: 2403.750 Thread 0x000002a29e21cae0 Unloading class 0x000002a2a099d438 'mits/Student_Portal_Backend/Student$HibernateProxy'
Event: 2403.750 Thread 0x000002a29e21cae0 Unloading class 0x000002a2a099d1f8 'mits/Student_Portal_Backend/Student'
Event: 2403.750 Thread 0x000002a29e21cae0 Unloading class 0x000002a2a099d000 'mits/Student_Portal_Backend/StudentPortalBackendApplication'
Event: 2403.750 Thread 0x000002a29e21cae0 Unloading class 0x000002a2a045c400 'java/lang/invoke/LambdaForm$MH+0x000002a2a045c400'
Event: 2705.597 Thread 0x000002a29e21cae0 Unloading class 0x000002a2a09ad400 'java/lang/invoke/LambdaForm$MH+0x000002a2a09ad400'
Event: 2705.597 Thread 0x000002a29e21cae0 Unloading class 0x000002a2a09ad000 'java/lang/invoke/LambdaForm$MH+0x000002a2a09ad000'
Event: 2705.597 Thread 0x000002a29e21cae0 Unloading class 0x000002a2a09acc00 'java/lang/invoke/LambdaForm$MH+0x000002a2a09acc00'
Event: 2705.597 Thread 0x000002a29e21cae0 Unloading class 0x000002a2a09ac400 'java/lang/invoke/LambdaForm$MH+0x000002a2a09ac400'
Event: 2705.597 Thread 0x000002a29e21cae0 Unloading class 0x000002a2a09ac000 'java/lang/invoke/LambdaForm$MH+0x000002a2a09ac000'
Event: 2705.597 Thread 0x000002a29e21cae0 Unloading class 0x000002a2a09db800 'org/apache/catalina/loader/JdbcLeakPrevention'
Event: 2705.597 Thread 0x000002a29e21cae0 Unloading class 0x000002a2a0496000 'java/lang/invoke/LambdaForm$MH+0x000002a2a0496000'
Event: 2705.597 Thread 0x000002a29e21cae0 Unloading class 0x000002a2a04a9800 'java/lang/invoke/LambdaForm$MH+0x000002a2a04a9800'
Event: 2705.597 Thread 0x000002a29e21cae0 Unloading class 0x000002a2a091ec00 'java/lang/invoke/LambdaForm$MH+0x000002a2a091ec00'
Event: 2705.597 Thread 0x000002a29e21cae0 Unloading class 0x000002a2a0926000 'java/lang/invoke/LambdaForm$MH+0x000002a2a0926000'
Event: 2705.597 Thread 0x000002a29e21cae0 Unloading class 0x000002a2a0928000 'java/lang/invoke/LambdaForm$BMH+0x000002a2a0928000'
Event: 2705.597 Thread 0x000002a29e21cae0 Unloading class 0x000002a2a0964000 'java/lang/invoke/LambdaForm$MH+0x000002a2a0964000'
Event: 2705.597 Thread 0x000002a29e21cae0 Unloading class 0x000002a2a0978400 'java/lang/invoke/LambdaForm$MH+0x000002a2a0978400'
Event: 2797.684 Thread 0x000002a29e21cae0 Unloading class 0x000002a2a04a8800 'org/apache/catalina/loader/JdbcLeakPrevention'
Event: 2804.801 Thread 0x000002a29e21cae0 Unloading class 0x000002a2a04aa000 'org/apache/catalina/loader/JdbcLeakPrevention'

Classes redefined (0 events):
No events

Internal exceptions (20 events):
Event: 2797.661 Thread 0x000002a2e6edd830 Exception <a 'java/io/IOException'{0x000000008a3ddc48}> (0x000000008a3ddc48) 
thrown [s\open\src\hotspot\share\prims\jni.cpp, line 520]
Event: 2797.662 Thread 0x000002a2e6edd830 Exception <a 'java/io/IOException'{0x000000008a3dfb28}> (0x000000008a3dfb28) 
thrown [s\open\src\hotspot\share\prims\jni.cpp, line 520]
Event: 2797.662 Thread 0x000002a2e6edd830 Exception <a 'java/io/IOException'{0x000000008a3e1a08}> (0x000000008a3e1a08) 
thrown [s\open\src\hotspot\share\prims\jni.cpp, line 520]
Event: 2797.663 Thread 0x000002a2e6edd830 Exception <a 'java/io/IOException'{0x000000008a3e38e8}> (0x000000008a3e38e8) 
thrown [s\open\src\hotspot\share\prims\jni.cpp, line 520]
Event: 2797.663 Thread 0x000002a2e6edd830 Exception <a 'java/io/IOException'{0x000000008a3e57c8}> (0x000000008a3e57c8) 
thrown [s\open\src\hotspot\share\prims\jni.cpp, line 520]
Event: 2797.664 Thread 0x000002a2e6edd830 Exception <a 'java/io/IOException'{0x000000008a3e76a8}> (0x000000008a3e76a8) 
thrown [s\open\src\hotspot\share\prims\jni.cpp, line 520]
Event: 2797.665 Thread 0x000002a2e6edd830 Exception <a 'java/io/IOException'{0x000000008a3e9588}> (0x000000008a3e9588) 
thrown [s\open\src\hotspot\share\prims\jni.cpp, line 520]
Event: 2797.669 Thread 0x000002a2e5ace100 Exception <a 'java/lang/InterruptedException'{0x000000008a200040}: sleep interrupted> (0x000000008a200040) 
thrown [s\open\src\hotspot\share\prims\jvm.cpp, line 3074]
Event: 2797.728 Thread 0x000002a2e6ee0cb0 Exception <a 'sun/nio/fs/WindowsException'{0x000000008afce680}> (0x000000008afce680) 
thrown [s\open\src\hotspot\share\prims\jni.cpp, line 520]
Event: 2797.944 Thread 0x000002a2e6ee0cb0 Exception <a 'java/io/FileNotFoundException'{0x00000000895d81a0}> (0x00000000895d81a0) 
thrown [s\open\src\hotspot\share\prims\jni.cpp, line 520]
Event: 2797.965 Thread 0x000002a2e6ee0cb0 Exception <a 'java/io/FileNotFoundException'{0x00000000893b3420}> (0x00000000893b3420) 
thrown [s\open\src\hotspot\share\prims\jni.cpp, line 520]
Event: 2804.777 Thread 0x000002a2e5accd50 Exception <a 'java/io/IOException'{0x000000008a32c800}> (0x000000008a32c800) 
thrown [s\open\src\hotspot\share\prims\jni.cpp, line 520]
Event: 2804.780 Thread 0x000002a2e5accd50 Exception <a 'java/io/IOException'{0x000000008a3322a0}> (0x000000008a3322a0) 
thrown [s\open\src\hotspot\share\prims\jni.cpp, line 520]
Event: 2804.781 Thread 0x000002a2e5accd50 Exception <a 'java/io/IOException'{0x000000008a334180}> (0x000000008a334180) 
thrown [s\open\src\hotspot\share\prims\jni.cpp, line 520]
Event: 2804.781 Thread 0x000002a2e5accd50 Exception <a 'java/io/IOException'{0x000000008a336060}> (0x000000008a336060) 
thrown [s\open\src\hotspot\share\prims\jni.cpp, line 520]
Event: 2804.782 Thread 0x000002a2e5accd50 Exception <a 'java/io/IOException'{0x000000008a337f40}> (0x000000008a337f40) 
thrown [s\open\src\hotspot\share\prims\jni.cpp, line 520]
Event: 2804.786 Thread 0x000002a2e6eddec0 Exception <a 'java/lang/InterruptedException'{0x000000008a354068}: sleep interrupted> (0x000000008a354068) 
thrown [s\open\src\hotspot\share\prims\jvm.cpp, line 3074]
Event: 2804.837 Thread 0x000002a2e5ace100 Exception <a 'sun/nio/fs/WindowsException'{0x000000008afb69b8}> (0x000000008afb69b8) 
thrown [s\open\src\hotspot\share\prims\jni.cpp, line 520]
Event: 2805.047 Thread 0x000002a2e5ace100 Exception <a 'java/io/FileNotFoundException'{0x00000000895b7268}> (0x00000000895b7268) 
thrown [s\open\src\hotspot\share\prims\jni.cpp, line 520]
Event: 2805.067 Thread 0x000002a2e5ace100 Exception <a 'java/io/FileNotFoundException'{0x00000000893915a0}> (0x00000000893915a0) 
thrown [s\open\src\hotspot\share\prims\jni.cpp, line 520]

ZGC Phase Switch (0 events):
No events

VM Operations (20 events):
Event: 2797.715 Executing VM operation: G1CollectFull (System.gc()) done
Event: 2798.133 Executing VM operation: G1CollectForAllocation (G1 Evacuation Pause)
Event: 2798.136 Executing VM operation: G1CollectForAllocation (G1 Evacuation Pause) done
Event: 2799.147 Executing VM operation: Cleanup
Event: 2799.147 Executing VM operation: Cleanup done
Event: 2804.786 Executing VM operation: G1CollectFull (System.gc())
Event: 2804.823 Executing VM operation: G1CollectFull (System.gc()) done
Event: 2805.823 Executing VM operation: Cleanup
Event: 2805.823 Executing VM operation: Cleanup done
Event: 2812.504 Executing VM operation: get/set locals
Event: 2812.504 Executing VM operation: get/set locals done
Event: 2835.057 Executing VM operation: ChangeSingleStep
Event: 2835.057 Executing VM operation: ChangeSingleStep done
Event: 2835.058 Executing VM operation: ChangeSingleStep
Event: 2835.058 Executing VM operation: ChangeSingleStep done
Event: 2841.290 Executing VM operation: HandshakeAllThreads (HandshakeForDeflation)
Event: 2841.290 Executing VM operation: HandshakeAllThreads (HandshakeForDeflation) done
Event: 2841.290 Executing VM operation: RendezvousGCThreads
Event: 2841.290 Executing VM operation: RendezvousGCThreads done
Event: 2858.147 Executing VM operation: G1CollectForAllocation (G1 Evacuation Pause)

Events (20 events):
Event: 2804.810 Thread 0x000002a29e21cae0 flushing nmethod 0x000002a296c43890
Event: 2804.810 Thread 0x000002a29e21cae0 flushing nmethod 0x000002a296c98110
Event: 2804.810 Thread 0x000002a29e21cae0 flushing nmethod 0x000002a296c9a210
Event: 2804.810 Thread 0x000002a29e21cae0 flushing nmethod 0x000002a296e1c590
Event: 2804.810 Thread 0x000002a29e21cae0 flushing nmethod 0x000002a296e25210
Event: 2804.810 Thread 0x000002a29e21cae0 flushing nmethod 0x000002a296f68090
Event: 2804.823 Thread 0x000002a2e5acc030 Thread added: 0x000002a2e5acc030
Event: 2804.823 Thread 0x000002a2e6edf270 Thread exited: 0x000002a2e6edf270
Event: 2804.824 Thread 0x000002a2e5ace100 Thread added: 0x000002a2e5ace100
Event: 2804.825 Thread 0x000002a2e5acc030 Thread exited: 0x000002a2e5acc030
Event: 2804.826 Thread 0x000002a2e6ede550 Thread exited: 0x000002a2e6ede550
Event: 2804.867 Thread 0x000002a2e5acc030 Thread added: 0x000002a2e5acc030
Event: 2804.872 Thread 0x000002a2e5acc030 Thread exited: 0x000002a2e5acc030
Event: 2805.068 Thread 0x000002a2e5acc6c0 Thread added: 0x000002a2e5acc6c0
Event: 2805.068 Thread 0x000002a2e5acc030 Thread added: 0x000002a2e5acc030
Event: 2805.068 Thread 0x000002a2e5acfb40 Thread added: 0x000002a2e5acfb40
Event: 2805.128 Thread 0x000002a2e5accd50 Thread added: 0x000002a2e5accd50
Event: 2805.233 Thread 0x000002a2e5ad2fc0 Thread added: 0x000002a2e5ad2fc0
Event: 2810.651 Thread 0x000002a2e7ce5f50 Thread exited: 0x000002a2e7ce5f50
Event: 2810.682 Thread 0x000002a2e5ad2fc0 Thread exited: 0x000002a2e5ad2fc0


Dynamic libraries:
0x00007ff703970000 - 0x00007ff703980000 	C:\Program Files\Java\jdk-21.0.10\bin\javaw.exe
0x00007ffa9d9e0000 - 0x00007ffa9dc47000 	C:\WINDOWS\SYSTEM32\ntdll.dll
0x00007ffa9be90000 - 0x00007ffa9bf59000 	C:\WINDOWS\System32\KERNEL32.DLL
0x00007ffa9a2c0000 - 0x00007ffa9a6b1000 	C:\WINDOWS\System32\KERNELBASE.dll
0x00007ffa93e50000 - 0x00007ffa93eef000 	C:\WINDOWS\SYSTEM32\apphelp.dll
0x00007ffa9a840000 - 0x00007ffa9a98b000 	C:\WINDOWS\System32\ucrtbase.dll
0x00007ffa8ef30000 - 0x00007ffa8ef49000 	C:\Program Files\Java\jdk-21.0.10\bin\jli.dll
0x00007ffa9d2b0000 - 0x00007ffa9d36b000 	C:\WINDOWS\System32\ADVAPI32.dll
0x00007ffa9d3b0000 - 0x00007ffa9d459000 	C:\WINDOWS\System32\msvcrt.dll
0x00007ffa8ef50000 - 0x00007ffa8ef6e000 	C:\Program Files\Java\jdk-21.0.10\bin\VCRUNTIME140.dll
0x00007ffa9d8f0000 - 0x00007ffa9d997000 	C:\WINDOWS\System32\sechost.dll
0x00007ffa9bd70000 - 0x00007ffa9be88000 	C:\WINDOWS\System32\RPCRT4.dll
0x00007ffa9bba0000 - 0x00007ffa9bd65000 	C:\WINDOWS\System32\USER32.dll
0x00007ffa9b560000 - 0x00007ffa9b587000 	C:\WINDOWS\System32\win32u.dll
0x00007ffa9cf40000 - 0x00007ffa9cf6b000 	C:\WINDOWS\System32\GDI32.dll
0x00007ffa9b590000 - 0x00007ffa9b6bb000 	C:\WINDOWS\System32\gdi32full.dll
0x00007ffa9aa40000 - 0x00007ffa9aae3000 	C:\WINDOWS\System32\msvcp_win.dll
0x00007ffa80550000 - 0x00007ffa807e3000 	C:\WINDOWS\WinSxS\amd64_microsoft.windows.common-controls_6595b64144ccf1df_6.0.26100.8037_none_3e092faae333b53b\COMCTL32.dll
0x00007ffa87230000 - 0x00007ffa8723b000 	C:\WINDOWS\SYSTEM32\VERSION.dll
0x00007ffa9d370000 - 0x00007ffa9d3a1000 	C:\WINDOWS\System32\IMM32.DLL
0x00007ffa821e0000 - 0x00007ffa821ec000 	C:\Program Files\Java\jdk-21.0.10\bin\vcruntime140_1.dll
0x00007ffa688d0000 - 0x00007ffa6895d000 	C:\Program Files\Java\jdk-21.0.10\bin\msvcp140.dll
0x00007ff9e5540000 - 0x00007ff9e6267000 	C:\Program Files\Java\jdk-21.0.10\bin\server\jvm.dll
0x00007ffa9cfb0000 - 0x00007ffa9d024000 	C:\WINDOWS\System32\WS2_32.dll
0x00007ffa9a120000 - 0x00007ffa9a17e000 	C:\WINDOWS\SYSTEM32\POWRPROF.dll
0x00007ffa8d4d0000 - 0x00007ffa8d505000 	C:\WINDOWS\SYSTEM32\WINMM.dll
0x00007ffa9a100000 - 0x00007ffa9a114000 	C:\WINDOWS\SYSTEM32\UMPDC.dll
0x00007ffa99050000 - 0x00007ffa9906b000 	C:\WINDOWS\SYSTEM32\kernel.appcore.dll
0x00007ffa821d0000 - 0x00007ffa821da000 	C:\Program Files\Java\jdk-21.0.10\bin\jimage.dll
0x00007ffa98380000 - 0x00007ffa985c2000 	C:\WINDOWS\SYSTEM32\DBGHELP.DLL
0x00007ffa9b790000 - 0x00007ffa9bb12000 	C:\WINDOWS\System32\combase.dll
0x00007ffa9cc70000 - 0x00007ffa9cd47000 	C:\WINDOWS\System32\OLEAUT32.dll
0x00007ffa803f0000 - 0x00007ffa8042b000 	C:\WINDOWS\SYSTEM32\dbgcore.DLL
0x00007ffa9a990000 - 0x00007ffa9aa35000 	C:\WINDOWS\System32\bcryptPrimitives.dll
0x00007ffa8f250000 - 0x00007ffa8f28c000 	C:\Program Files\Java\jdk-21.0.10\bin\jdwp.dll
0x00007ffa91e30000 - 0x00007ffa91e40000 	C:\Program Files\Java\jdk-21.0.10\bin\instrument.dll
0x00007ffa754f0000 - 0x00007ffa75511000 	C:\Program Files\Java\jdk-21.0.10\bin\java.dll
0x00007ffa9c220000 - 0x00007ffa9c97f000 	C:\WINDOWS\System32\SHELL32.dll
0x00007ffa9ab80000 - 0x00007ffa9acea000 	C:\WINDOWS\System32\wintypes.dll
0x00007ffa9acf0000 - 0x00007ffa9b554000 	C:\WINDOWS\System32\windows.storage.dll
0x00007ffa9c990000 - 0x00007ffa9ca87000 	C:\WINDOWS\System32\SHCORE.dll
0x00007ffa9c1b0000 - 0x00007ffa9c217000 	C:\WINDOWS\System32\shlwapi.dll
0x00007ffa9a1e0000 - 0x00007ffa9a209000 	C:\WINDOWS\SYSTEM32\profapi.dll
0x00007ffa91e20000 - 0x00007ffa91e2c000 	C:\Program Files\Java\jdk-21.0.10\bin\dt_socket.dll
0x00007ffa98af0000 - 0x00007ffa98b23000 	C:\WINDOWS\SYSTEM32\IPHLPAPI.DLL
0x00007ffa995c0000 - 0x00007ffa9962b000 	C:\WINDOWS\system32\mswsock.dll
0x00007ffa98b50000 - 0x00007ffa98c7a000 	C:\WINDOWS\SYSTEM32\DNSAPI.dll
0x00007ffa9b780000 - 0x00007ffa9b78a000 	C:\WINDOWS\System32\NSI.dll
0x00007ffa8fe40000 - 0x00007ffa8fe4b000 	C:\Windows\System32\rasadhlp.dll
0x00007ffa93d00000 - 0x00007ffa93d86000 	C:\WINDOWS\System32\fwpuclnt.dll
0x00007ffa68ab0000 - 0x00007ffa68ac8000 	C:\Program Files\Java\jdk-21.0.10\bin\zip.dll
0x00007ffa754d0000 - 0x00007ffa754e1000 	C:\Program Files\Java\jdk-21.0.10\bin\net.dll
0x00007ffa90ae0000 - 0x00007ffa90c07000 	C:\WINDOWS\SYSTEM32\WINHTTP.dll
0x00007ffa6fa00000 - 0x00007ffa6fa16000 	C:\Program Files\Java\jdk-21.0.10\bin\nio.dll
0x00007ffa78770000 - 0x00007ffa7877a000 	C:\Program Files\Java\jdk-21.0.10\bin\management.dll
0x00007ffa71d40000 - 0x00007ffa71d4c000 	C:\Program Files\Java\jdk-21.0.10\bin\management_ext.dll
0x00007ffa9d2a0000 - 0x00007ffa9d2a8000 	C:\WINDOWS\System32\PSAPI.DLL
0x00007ffa6feb0000 - 0x00007ffa6fec8000 	C:\WINDOWS\system32\napinsp.dll
0x00007ffa6fe40000 - 0x00007ffa6fe52000 	C:\WINDOWS\System32\winrnr.dll
0x00007ffa6f6c0000 - 0x00007ffa6f6e2000 	C:\WINDOWS\system32\nlansp_c.dll
0x00007ffa8fe20000 - 0x00007ffa8fe36000 	C:\WINDOWS\system32\wshbth.dll
0x00007ffa998a0000 - 0x00007ffa998bb000 	C:\WINDOWS\SYSTEM32\CRYPTSP.dll
0x00007ffa98fb0000 - 0x00007ffa98fe9000 	C:\WINDOWS\system32\rsaenh.dll
0x00007ffa99670000 - 0x00007ffa996a2000 	C:\WINDOWS\SYSTEM32\USERENV.dll
0x00007ffa9a1b0000 - 0x00007ffa9a1da000 	C:\WINDOWS\SYSTEM32\bcrypt.dll
0x00007ffa998c0000 - 0x00007ffa998cc000 	C:\WINDOWS\SYSTEM32\CRYPTBASE.dll
0x00007ffa6f9f0000 - 0x00007ffa6f9f9000 	C:\Program Files\Java\jdk-21.0.10\bin\extnet.dll
0x00007ffa91db0000 - 0x00007ffa91dc0000 	C:\Program Files\Java\jdk-21.0.10\bin\verify.dll
0x00007ffa6f4d0000 - 0x00007ffa6f4de000 	C:\Program Files\Java\jdk-21.0.10\bin\sunmscapi.dll
0x00007ffa9a6c0000 - 0x00007ffa9a837000 	C:\WINDOWS\System32\CRYPT32.dll
0x00007ffa99ac0000 - 0x00007ffa99af0000 	C:\WINDOWS\SYSTEM32\ncrypt.dll
0x00007ffa99a70000 - 0x00007ffa99aaf000 	C:\WINDOWS\SYSTEM32\NTASN1.dll
0x00007ffa65630000 - 0x00007ffa65638000 	C:\WINDOWS\system32\wshunix.dll

dbghelp: loaded successfully - version: 4.0.5 - missing functions: none
symbol engine: initialized successfully - sym options: 0x614 - pdb path: .;C:\Program Files\Java\jdk-21.0.10\bin;C:\WINDOWS\SYSTEM32;C:\WINDOWS\WinSxS\amd64_microsoft.windows.common-controls_6595b64144ccf1df_6.0.26100.8037_none_3e092faae333b53b;C:\Program Files\Java\jdk-21.0.10\bin\server

VM Arguments:
jvm_args: -XX:+ShowCodeDetailsInExceptionMessages -agentlib:jdwp=transport=dt_socket,suspend=y,address=localhost:51350 -Dcom.sun.management.jmxremote -Dcom.sun.management.jmxremote.port=51349 -Dcom.sun.management.jmxremote.authenticate=false -Dcom.sun.management.jmxremote.ssl=false -Djava.rmi.server.hostname=localhost -Dspring.jmx.enabled=true -Dmanagement.endpoints.jmx.exposure.include=* -Dspring.application.admin.enabled=true -Dspring.output.ansi.enabled=always -XX:TieredStopAtLevel=1 -Dspring.boot.project.name=Student_Portal_Backend -javaagent:C:\Users\bhavy\Downloads\spring-tools-for-eclipse\sts-5.1.0.RELEASE\configuration\org.eclipse.osgi\280\0\.cp\lib\javaagent-shaded.jar -Dfile.encoding=UTF-8 -Dstdout.encoding=UTF-8 -Dstderr.encoding=UTF-8 
java_command: mits.Student_Portal_Backend.StudentPortalBackendApplication
java_class_path (initial): D:\MITS_WORKSHOP\backend\Student_Portal_Backend\target\classes;C:\Users\bhavy\.m2\repository\org\springframework\boot\spring-boot-starter-data-jpa\4.0.3\spring-boot-starter-data-jpa-4.0.3.jar;C:\Users\bhavy\.m2\repository\org\springframework\boot\spring-boot-starter\4.0.3\spring-boot-starter-4.0.3.jar;C:\Users\bhavy\.m2\repository\org\springframework\boot\spring-boot-starter-logging\4.0.3\spring-boot-starter-logging-4.0.3.jar;C:\Users\bhavy\.m2\repository\ch\qos\logback\logback-classic\1.5.32\logback-classic-1.5.32.jar;C:\Users\bhavy\.m2\repository\ch\qos\logback\logback-core\1.5.32\logback-core-1.5.32.jar;C:\Users\bhavy\.m2\repository\org\apache\logging\log4j\log4j-to-slf4j\2.25.3\log4j-to-slf4j-2.25.3.jar;C:\Users\bhavy\.m2\repository\org\apache\logging\log4j\log4j-api\2.25.3\log4j-api-2.25.3.jar;C:\Users\bhavy\.m2\repository\org\slf4j\jul-to-slf4j\2.0.17\jul-to-slf4j-2.0.17.jar;C:\Users\bhavy\.m2\repository\jakarta\annotation\jakarta.annotation-api\3.0.0\jakarta.annotation-api-3.0.0.jar;C:\Users\bhavy\.m2\repository\org\yaml\snakeyaml\2.5\snakeyaml-2.5.jar;C:\Users\bhavy\.m2\repository\org\springframework\boot\spring-boot-starter-jdbc\4.0.3\spring-boot-starter-jdbc-4.0.3.jar;C:\Users\bhavy\.m2\repository\com\zaxxer\HikariCP\7.0.2\HikariCP-7.0.2.jar;C:\Users\bhavy\.m2\repository\org\springframework\boot\spring-boot-data-jpa\4.0.3\spring-boot-data-jpa-4.0.3.jar;C:\Users\bhavy\.m2\repository\org\springframework\boot\spring-boot-data-commons\4.0.3\spring-boot-data-commons-4.0.3.jar;C:\Users\bhavy\.m2\repository\org\springframework\boot\spring-boot-persistence\4.0.3\spring-boot-persistence-4.0.3.jar;C:\Users\bhavy\.m2\repository\org\springframework\data\spring-data-commons\4.0.3\spring-data-commons-4.0.3.jar;C:\Users\bhavy\.m2\repository\org\springframework\boot\spring-boot-hibernate\4.0.3\spring-boot-hibernate-4.0.3.jar;C:\Users\bhavy\.m2\repository\org\springframework\boot\spring-boot-jpa\4.0.3\spring-boot-jpa-4.0.3.jar;C:\Users\bhavy\.m2\repository\jakarta\persistence\jakarta.persistence-api\3.2.0\jakarta.persistence-api-3.2.0.jar;C:\Users\bhavy\.m2\repository\org\hibernate\orm\hibernate-core\7.2.4.Final\hibernate-core-7.2.4.Final.jar;C:\Users\bhavy\.m2\repository\jakarta\transaction\jakarta.transaction-api\2.0.1\jakarta.transaction-api-2.0.1.jar;C:\Users\bhavy\.m2\repository\org\jboss\logging\jboss-logging\3.6.2.Final\jboss-logging-3.6.2.Final.jar;C:\Users\bhavy\.m2\repository\org\hibernate\models\hibernate-models\1.0.1\hibernate-models-1.0.1.jar;C:\Users\bhavy\.m2\repository\com\fasterxml\classmate\1.7.3\classmate-1.7.3.jar;C:\Users\bhavy\.m2\repository\org\glassfish\jaxb\jaxb-runtime\4.0.6\jaxb-runtime-4.0.6.jar;C:\Users\bhavy\.m2\repository\org\glassfish\jaxb\jaxb-core\4.0.6\jaxb-core-4.0.6.jar;C:\Users\bhavy\.m2\repository\org\eclipse\angus\angus-activation\2.0.3\angus-activation-2.0.3.jar;C:\Users\bhavy\.m2\repository\org\glassfish\jaxb\txw2\4.0.6\txw2-4.0.6.jar;C:\Users\bhavy\.m2\repository\com\sun\istack\istack-commons-runtime\4.1.2\istack-commons-runtime-4.1.2.jar;C:\Users\bhavy\.m2\repository\jakarta\inject\jakarta.inject-api\2.0.1\jakarta.inject-api-2.0.1.jar;C:\Users\bhavy\.m2\repository\org\springframework\spring-orm\7.0.5\spring-orm-7.0.5.jar;C:\Users\bhavy\.m2\repository\org\springframework\data\spring-data-jpa\4.0.3\spring-data-jpa-4.0.3.jar;C:\Users\bhavy\.m2\repository\org\springframework\spring-aop\7.0.5\spring-aop-7.0.5.jar;C:\Users\bhavy\.m2\repository\org\springframework\spring-tx\7.0.5\spring-tx-7.0.5.jar;C:\Users\bhavy\.m2\repository\org\springframework\spring-beans\7.0.5\spring-beans-7.0.5.jar;C:\Users\bhavy\.m2\repository\org\antlr\antlr4-runtime\4.13.2\antlr4-runtime-4.13.2.jar;C:\Users\bhavy\.m2\repository\org\springframework\spring-aspects\7.0.5\spring-aspects-7.0.5.jar;C:\Users\bhavy\.m2\repository\org\aspectj\aspectjweaver\1.9.25.1\aspectjweaver-1.9.25.1.jar;C:\Users\bhavy\.m2\repository\org\springframework\boot\spring-boot-jdbc\4.0.3\spring-boot-jdbc-4.0.3.jar;C:\Users\bhavy\.m2\repository\org\springframework\boot\spring-boot-sql\4.0.3\spring-boot-sql-4.0.3.jar;C:\Users\bhavy\.m2\repository\org\springframework\boot\spring-boot-transaction\4.0.3\spring-boot-transaction-4.0.3.jar;C:\Users\bhavy\.m2\repository\org\springframework\spring-jdbc\7.0.5\spring-jdbc-7.0.5.jar;C:\Users\bhavy\.m2\repository\org\springframework\boot\spring-boot-starter-webmvc\4.0.3\spring-boot-starter-webmvc-4.0.3.jar;C:\Users\bhavy\.m2\repository\org\springframework\boot\spring-boot-starter-jackson\4.0.3\spring-boot-starter-jackson-4.0.3.jar;C:\Users\bhavy\.m2\repository\org\springframework\boot\spring-boot-jackson\4.0.3\spring-boot-jackson-4.0.3.jar;C:\Users\bhavy\.m2\repository\tools\jackson\core\jackson-databind\3.0.4\jackson-databind-3.0.4.jar;C:\Users\bhavy\.m2\repository\com\fasterxml\jackson\core\jackson-annotations\2.20\jackson-annotations-2.20.jar;C:\Users\bhavy\.m2\repository\tools\jackson\core\jackson-core\3.0.4\jackson-core-3.0.4.jar;C:\Users\bhavy\.m2\repository\org\springframework\boot\spring-boot-http-converter\4.0.3\spring-boot-http-converter-4.0.3.jar;C:\Users\bhavy\.m2\repository\org\springframework\spring-web\7.0.5\spring-web-7.0.5.jar;C:\Users\bhavy\.m2\repository\io\micrometer\micrometer-observation\1.16.3\micrometer-observation-1.16.3.jar;C:\Users\bhavy\.m2\repository\io\micrometer\micrometer-commons\1.16.3\micrometer-commons-1.16.3.jar;C:\Users\bhavy\.m2\repository\org\springframework\boot\spring-boot-webmvc\4.0.3\spring-boot-webmvc-4.0.3.jar;C:\Users\bhavy\.m2\repository\org\springframework\boot\spring-boot-servlet\4.0.3\spring-boot-servlet-4.0.3.jar;C:\Users\bhavy\.m2\repository\org\springframework\spring-webmvc\7.0.5\spring-webmvc-7.0.5.jar;C:\Users\bhavy\.m2\repository\org\springframework\spring-expression\7.0.5\spring-expression-7.0.5.jar;C:\Users\bhavy\.m2\repository\org\springframework\boot\spring-boot-starter-tomcat\4.0.3\spring-boot-starter-tomcat-4.0.3.jar;C:\Users\bhavy\.m2\repository\org\springframework\boot\spring-boot-starter-tomcat-runtime\4.0.3\spring-boot-starter-tomcat-runtime-4.0.3.jar;C:\Users\bhavy\.m2\repository\org\springframework\boot\spring-boot-web-server\4.0.3\spring-boot-web-server-4.0.3.jar;C:\Users\bhavy\.m2\repository\org\apache\tomcat\embed\tomcat-embed-core\11.0.18\tomcat-embed-core-11.0.18.jar;C:\Users\bhavy\.m2\repository\org\apache\tomcat\embed\tomcat-embed-el\11.0.18\tomcat-embed-el-11.0.18.jar;C:\Users\bhavy\.m2\repository\org\apache\tomcat\embed\tomcat-embed-websocket\11.0.18\tomcat-embed-websocket-11.0.18.jar;C:\Users\bhavy\.m2\repository\org\springframework\boot\spring-boot-tomcat\4.0.3\spring-boot-tomcat-4.0.3.jar;C:\Users\bhavy\.m2\repository\org\springframework\boot\spring-boot-h2console\4.0.3\spring-boot-h2console-4.0.3.jar;C:\Users\bhavy\.m2\repository\org\springframework\boot\spring-boot\4.0.3\spring-boot-4.0.3.jar;C:\Users\bhavy\.m2\repository\org\springframework\spring-context\7.0.5\spring-context-7.0.5.jar;C:\Users\bhavy\.m2\repository\jakarta\servlet\jakarta.servlet-api\6.1.0\jakarta.servlet-api-6.1.0.jar;C:\Users\bhavy\.m2\repository\com\h2database\h2\2.4.240\h2-2.4.240.jar;C:\Users\bhavy\.m2\repository\org\slf4j\slf4j-api\2.0.17\slf4j-api-2.0.17.jar;C:\Users\bhavy\.m2\repository\jakarta\xml\bind\jakarta.xml.bind-api\4.0.4\jakarta.xml.bind-api-4.0.4.jar;C:\Users\bhavy\.m2\repository\jakarta\activation\jakarta.activation-api\2.1.4\jakarta.activation-api-2.1.4.jar;C:\Users\bhavy\.m2\repository\net\bytebuddy\byte-buddy\1.17.8\byte-buddy-1.17.8.jar;C:\Users\bhavy\.m2\repository\org\springframework\spring-core\7.0.5\spring-core-7.0.5.jar;C:\Users\bhavy\.m2\repository\commons-logging\commons-logging\1.3.5\commons-logging-1.3.5.jar;C:\Users\bhavy\.m2\repository\org\jspecify\jspecify\1.0.0\jspecify-1.0.0.jar;C:\Users\bhavy\.m2\repository\org\springframework\boot\spring-boot-devtools\4.0.3\spring-boot-devtools-4.0.3.jar;C:\Users\bhavy\.m2\repository\org\springframework\boot\spring-boot-autoconfigure\4.0.3\spring-boot-autoconfigure-4.0.3.jar;C:\Users\bhavy\.m2\repository\com\mysql\mysql-connector-j\9.6.0\mysql-connector-j-9.6.0.jar
Launcher Type: SUN_STANDARD

[Global flags]
     intx CICompilerCount                          = 12                                        {product} {ergonomic}
     uint ConcGCThreads                            = 3                                         {product} {ergonomic}
     uint G1ConcRefinementThreads                  = 13                                        {product} {ergonomic}
   size_t G1HeapRegionSize                         = 1048576                                   {product} {ergonomic}
    uintx GCDrainStackTargetSize                   = 64                                        {product} {ergonomic}
   size_t InitialHeapSize                          = 130023424                                 {product} {ergonomic}
     bool ManagementServer                         = true                                      {product} {command line}
   size_t MarkStackSize                            = 4194304                                   {product} {ergonomic}
   size_t MaxHeapSize                              = 2051014656                                {product} {ergonomic}
   size_t MaxNewSize                               = 1229979648                                {product} {ergonomic}
   size_t MinHeapDeltaBytes                        = 1048576                                   {product} {ergonomic}
   size_t MinHeapSize                              = 8388608                                   {product} {ergonomic}
    uintx NonNMethodCodeHeapSize                   = 4096                                   {pd product} {ergonomic}
    uintx NonProfiledCodeHeapSize                  = 0                                      {pd product} {ergonomic}
     bool ProfileInterpreter                       = false                                  {pd product} {command line}
    uintx ProfiledCodeHeapSize                     = 0                                      {pd product} {ergonomic}
     bool ShowCodeDetailsInExceptionMessages       = true                                   {manageable} {command line}
   size_t SoftMaxHeapSize                          = 2051014656                             {manageable} {ergonomic}
     intx TieredStopAtLevel                        = 1                                         {product} {command line}
     bool UseCompressedOops                        = true                           {product lp64_product} {ergonomic}
     bool UseG1GC                                  = true                                      {product} {ergonomic}
     bool UseLargePagesIndividualAllocation        = false                                  {pd product} {ergonomic}

Logging:
Log output configuration:
 #0: stdout all=warning uptime,level,tags foldmultilines=false
 #1: stderr all=off uptime,level,tags foldmultilines=false

Environment Variables:
JAVA_HOME=C:\Program Files\Java\jdk-21.0.10
PATH=C:/Users/bhavy/Downloads/spring-tools-for-eclipse/sts-5.1.0.RELEASE//plugins/org.eclipse.justj.openjdk.hotspot.jre.full.win32.x86_64_25.0.2.v20260203-1141/jre/bin/server;C:/Users/bhavy/Downloads/spring-tools-for-eclipse/sts-5.1.0.RELEASE//plugins/org.eclipse.justj.openjdk.hotspot.jre.full.win32.x86_64_25.0.2.v20260203-1141/jre/bin;C:\Program Files\Common Files\Oracle\Java\javapath;C:\WINDOWS\system32;C:\WINDOWS;C:\WINDOWS\System32\Wbem;C:\WINDOWS\System32\WindowsPowerShell\v1.0\;C:\WINDOWS\System32\OpenSSH\;C:\TDM-GCC-64\bin;C:\Program Files (x86)\Windows Kits\10\Windows Performance Toolkit\;C:\Program Files\dotnet\;C:\Program Files\MySQL\MySQL Server 8.0\bin;C:\Program Files\Git\cmd;C:\Program Files\nodejs\;C:\Users\bhavy\AppData\Local\Programs\Python\Python311\Scripts\;C:\Users\bhavy\AppData\Local\Programs\Python\Python311\;C:\Users\bhavy\AppData\Local\Programs\Python\Python314\Scripts\;C:\Users\bhavy\AppData\Local\Programs\Python\Python314\;C:\Users\bhavy\AppData\Local\Microsoft\WindowsApps;C:\Users\bhavy\AppData\Local\Programs\Microsoft VS Code\bin;C:\Program Files\Java\jdk-21.0.10\bin;C:\Users\bhavy\AppData\Roaming\npm;C:\Users\bhavy\Downloads\spring-tools-for-eclipse\sts-5.1.0.RELEASE;
USERNAME=bhavy
OS=Windows_NT
PROCESSOR_IDENTIFIER=Intel64 Family 6 Model 186 Stepping 2, GenuineIntel
TMP=C:\Users\bhavy\AppData\Local\Temp
TEMP=C:\Users\bhavy\AppData\Local\Temp




Periodic native trim disabled

---------------  S Y S T E M  ---------------

OS:
 Windows 11 , 64 bit Build 26100 (10.0.26100.7920)
OS uptime: 0 days 5:21 hours

CPU: total 16 (initial active 16) (8 cores per cpu, 2 threads per core) family 6 model 186 stepping 2 microcode 0x410e, cx8, cmov, fxsr, ht, mmx, 3dnowpref, sse, sse2, sse3, ssse3, sse4.1, sse4.2, popcnt, lzcnt, tsc, tscinvbit, avx, avx2, aes, erms, clmul, bmi1, bmi2, adx, sha, fma, vzeroupper, clflush, clflushopt, clwb, serialize, rdtscp, rdpid, fsrm, f16c, pku, cet_ibt, cet_ss
Processor Information for processor 0
  Max Mhz: 2600, Current Mhz: 2600, Mhz Limit: 2600
Processor Information for processor 1
  Max Mhz: 2600, Current Mhz: 2600, Mhz Limit: 2600
Processor Information for processor 2
  Max Mhz: 2600, Current Mhz: 1496, Mhz Limit: 2600
Processor Information for processor 3
  Max Mhz: 2600, Current Mhz: 2600, Mhz Limit: 2600
Processor Information for processor 4
  Max Mhz: 2600, Current Mhz: 2600, Mhz Limit: 2600
Processor Information for processor 5
  Max Mhz: 2600, Current Mhz: 2600, Mhz Limit: 2600
Processor Information for processor 6
  Max Mhz: 2600, Current Mhz: 2600, Mhz Limit: 2600
Processor Information for processor 7
  Max Mhz: 2600, Current Mhz: 1496, Mhz Limit: 2600
Processor Information for processor 8
  Max Mhz: 2600, Current Mhz: 1900, Mhz Limit: 1898
Processor Information for processor 9
  Max Mhz: 2600, Current Mhz: 1900, Mhz Limit: 1898
Processor Information for processor 10
  Max Mhz: 2600, Current Mhz: 1900, Mhz Limit: 1898
Processor Information for processor 11
  Max Mhz: 2600, Current Mhz: 1900, Mhz Limit: 1898
Processor Information for processor 12
  Max Mhz: 2600, Current Mhz: 1900, Mhz Limit: 1898
Processor Information for processor 13
  Max Mhz: 2600, Current Mhz: 1900, Mhz Limit: 1898
Processor Information for processor 14
  Max Mhz: 2600, Current Mhz: 1900, Mhz Limit: 1898
Processor Information for processor 15
  Max Mhz: 2600, Current Mhz: 1900, Mhz Limit: 1898

Memory: 4k page, system-wide physical 7816M (1157M free)
TotalPageFile size 16732M (AvailPageFile size 3264M)
current process WorkingSet (physical memory assigned to process): 232M, peak: 257M
current process commit charge ("private bytes"): 309M, peak: 330M

vm_info: Java HotSpot(TM) 64-Bit Server VM (21.0.10+8-LTS-217) for windows-amd64 JRE (21.0.10+8-LTS-217), built on 2025-12-18T14:59:28Z by "mach5run" with MS VC++ 17.13 (VS2022)

END.
